{"D:\\project\\attendance-project\\attendance-be\\models\\approval_status.js": {"path":"D:\\project\\attendance-project\\attendance-be\\models\\approval_status.js","statementMap":{"0":{"start":{"line":2,"column":18},"end":{"line":2,"column":38}},"1":{"start":{"line":3,"column":0},"end":{"line":33,"column":2}},"2":{"start":{"line":12,"column":12},"end":{"line":12,"column":82}},"3":{"start":{"line":15,"column":4},"end":{"line":31,"column":6}},"4":{"start":{"line":32,"column":4},"end":{"line":32,"column":27}}},"fnMap":{"0":{"name":"(anonymous_0)","decl":{"start":{"line":3,"column":17},"end":{"line":3,"column":18}},"loc":{"start":{"line":3,"column":43},"end":{"line":33,"column":1}},"line":3},"1":{"name":"(anonymous_1)","decl":{"start":{"line":10,"column":8},"end":{"line":10,"column":9}},"loc":{"start":{"line":10,"column":33},"end":{"line":13,"column":9}},"line":10}},"branchMap":{},"s":{"0":3,"1":3,"2":3,"3":3,"4":3},"f":{"0":3,"1":3},"b":{},"_coverageSchema":"1a1c01bbd47fc00a2c39e90264f33305004495a9","hash":"5e99d8688ab388b82985dbee01878ab05143423f"}
,"D:\\project\\attendance-project\\attendance-be\\models\\attendance.js": {"path":"D:\\project\\attendance-project\\attendance-be\\models\\attendance.js","statementMap":{"0":{"start":{"line":2,"column":18},"end":{"line":2,"column":38}},"1":{"start":{"line":3,"column":0},"end":{"line":43,"column":2}},"2":{"start":{"line":12,"column":12},"end":{"line":12,"column":66}},"3":{"start":{"line":13,"column":12},"end":{"line":13,"column":85}},"4":{"start":{"line":14,"column":12},"end":{"line":14,"column":88}},"5":{"start":{"line":15,"column":12},"end":{"line":15,"column":92}},"6":{"start":{"line":18,"column":4},"end":{"line":41,"column":6}},"7":{"start":{"line":42,"column":4},"end":{"line":42,"column":22}}},"fnMap":{"0":{"name":"(anonymous_0)","decl":{"start":{"line":3,"column":17},"end":{"line":3,"column":18}},"loc":{"start":{"line":3,"column":43},"end":{"line":43,"column":1}},"line":3},"1":{"name":"(anonymous_1)","decl":{"start":{"line":10,"column":8},"end":{"line":10,"column":9}},"loc":{"start":{"line":10,"column":33},"end":{"line":16,"column":9}},"line":10}},"branchMap":{},"s":{"0":3,"1":3,"2":3,"3":3,"4":3,"5":3,"6":6,"7":6},"f":{"0":6,"1":3},"b":{},"_coverageSchema":"1a1c01bbd47fc00a2c39e90264f33305004495a9","hash":"11295f788840ae1b6cf8a653f6f9658f0d7b58a6"}
,"D:\\project\\attendance-project\\attendance-be\\models\\attendance_document.js": {"path":"D:\\project\\attendance-project\\attendance-be\\models\\attendance_document.js","statementMap":{"0":{"start":{"line":4,"column":4},"end":{"line":4,"column":24}},"1":{"start":{"line":5,"column":0},"end":{"line":27,"column":2}},"2":{"start":{"line":13,"column":12},"end":{"line":13,"column":76}},"3":{"start":{"line":16,"column":2},"end":{"line":25,"column":5}},"4":{"start":{"line":26,"column":2},"end":{"line":26,"column":29}}},"fnMap":{"0":{"name":"(anonymous_0)","decl":{"start":{"line":5,"column":17},"end":{"line":5,"column":18}},"loc":{"start":{"line":5,"column":43},"end":{"line":27,"column":1}},"line":5},"1":{"name":"(anonymous_1)","decl":{"start":{"line":12,"column":4},"end":{"line":12,"column":5}},"loc":{"start":{"line":12,"column":29},"end":{"line":14,"column":5}},"line":12}},"branchMap":{},"s":{"0":3,"1":3,"2":3,"3":3,"4":3},"f":{"0":3,"1":3},"b":{},"_coverageSchema":"1a1c01bbd47fc00a2c39e90264f33305004495a9","hash":"98b1b842a1086c47fda6c6c8ad6c4ff5aa2c72c1"}
,"D:\\project\\attendance-project\\attendance-be\\models\\attendance_status.js": {"path":"D:\\project\\attendance-project\\attendance-be\\models\\attendance_status.js","statementMap":{"0":{"start":{"line":4,"column":4},"end":{"line":4,"column":24}},"1":{"start":{"line":5,"column":0},"end":{"line":28,"column":2}},"2":{"start":{"line":14,"column":8},"end":{"line":14,"column":75}},"3":{"start":{"line":17,"column":2},"end":{"line":26,"column":5}},"4":{"start":{"line":27,"column":2},"end":{"line":27,"column":27}}},"fnMap":{"0":{"name":"(anonymous_0)","decl":{"start":{"line":5,"column":17},"end":{"line":5,"column":18}},"loc":{"start":{"line":5,"column":43},"end":{"line":28,"column":1}},"line":5},"1":{"name":"(anonymous_1)","decl":{"start":{"line":12,"column":4},"end":{"line":12,"column":5}},"loc":{"start":{"line":12,"column":29},"end":{"line":15,"column":5}},"line":12}},"branchMap":{},"s":{"0":3,"1":3,"2":3,"3":3,"4":3},"f":{"0":3,"1":3},"b":{},"_coverageSchema":"1a1c01bbd47fc00a2c39e90264f33305004495a9","hash":"17ff477a128e933a0940fd965e6db21dfcb7e518"}
,"D:\\project\\attendance-project\\attendance-be\\models\\authorization.js": {"path":"D:\\project\\attendance-project\\attendance-be\\models\\authorization.js","statementMap":{"0":{"start":{"line":2,"column":18},"end":{"line":2,"column":38}},"1":{"start":{"line":3,"column":0},"end":{"line":38,"column":2}},"2":{"start":{"line":11,"column":12},"end":{"line":13,"column":15}},"3":{"start":{"line":16,"column":4},"end":{"line":36,"column":6}},"4":{"start":{"line":37,"column":4},"end":{"line":37,"column":25}}},"fnMap":{"0":{"name":"(anonymous_0)","decl":{"start":{"line":3,"column":17},"end":{"line":3,"column":18}},"loc":{"start":{"line":3,"column":43},"end":{"line":38,"column":1}},"line":3},"1":{"name":"(anonymous_1)","decl":{"start":{"line":10,"column":8},"end":{"line":10,"column":9}},"loc":{"start":{"line":10,"column":33},"end":{"line":14,"column":9}},"line":10}},"branchMap":{},"s":{"0":3,"1":3,"2":3,"3":3,"4":3},"f":{"0":3,"1":3},"b":{},"_coverageSchema":"1a1c01bbd47fc00a2c39e90264f33305004495a9","hash":"9dd74f54640a9e7e6c993c63d9f343418a3ac0fc"}
,"D:\\project\\attendance-project\\attendance-be\\models\\departement.js": {"path":"D:\\project\\attendance-project\\attendance-be\\models\\departement.js","statementMap":{"0":{"start":{"line":2,"column":18},"end":{"line":2,"column":38}},"1":{"start":{"line":3,"column":0},"end":{"line":31,"column":2}},"2":{"start":{"line":12,"column":12},"end":{"line":14,"column":15}},"3":{"start":{"line":17,"column":4},"end":{"line":29,"column":6}},"4":{"start":{"line":30,"column":4},"end":{"line":30,"column":23}}},"fnMap":{"0":{"name":"(anonymous_0)","decl":{"start":{"line":3,"column":17},"end":{"line":3,"column":18}},"loc":{"start":{"line":3,"column":43},"end":{"line":31,"column":1}},"line":3},"1":{"name":"(anonymous_1)","decl":{"start":{"line":10,"column":8},"end":{"line":10,"column":9}},"loc":{"start":{"line":10,"column":33},"end":{"line":15,"column":9}},"line":10}},"branchMap":{},"s":{"0":3,"1":3,"2":3,"3":3,"4":3},"f":{"0":3,"1":3},"b":{},"_coverageSchema":"1a1c01bbd47fc00a2c39e90264f33305004495a9","hash":"a6cf68d136e7846acfe804eb487d388bcb104020"}
,"D:\\project\\attendance-project\\attendance-be\\models\\employee.js": {"path":"D:\\project\\attendance-project\\attendance-be\\models\\employee.js","statementMap":{"0":{"start":{"line":2,"column":18},"end":{"line":2,"column":38}},"1":{"start":{"line":3,"column":0},"end":{"line":54,"column":2}},"2":{"start":{"line":11,"column":12},"end":{"line":13,"column":15}},"3":{"start":{"line":14,"column":12},"end":{"line":16,"column":15}},"4":{"start":{"line":17,"column":12},"end":{"line":19,"column":15}},"5":{"start":{"line":20,"column":12},"end":{"line":22,"column":15}},"6":{"start":{"line":25,"column":4},"end":{"line":52,"column":6}},"7":{"start":{"line":53,"column":4},"end":{"line":53,"column":20}}},"fnMap":{"0":{"name":"(anonymous_0)","decl":{"start":{"line":3,"column":17},"end":{"line":3,"column":18}},"loc":{"start":{"line":3,"column":43},"end":{"line":54,"column":1}},"line":3},"1":{"name":"(anonymous_1)","decl":{"start":{"line":10,"column":8},"end":{"line":10,"column":9}},"loc":{"start":{"line":10,"column":33},"end":{"line":23,"column":9}},"line":10}},"branchMap":{},"s":{"0":3,"1":3,"2":3,"3":3,"4":3,"5":3,"6":8,"7":8},"f":{"0":8,"1":3},"b":{},"_coverageSchema":"1a1c01bbd47fc00a2c39e90264f33305004495a9","hash":"099acff9df82ff63ba1967dfdadb626ae8b337c4"}
,"D:\\project\\attendance-project\\attendance-be\\models\\employee_document.js": {"path":"D:\\project\\attendance-project\\attendance-be\\models\\employee_document.js","statementMap":{"0":{"start":{"line":2,"column":18},"end":{"line":2,"column":38}},"1":{"start":{"line":3,"column":0},"end":{"line":32,"column":2}},"2":{"start":{"line":11,"column":12},"end":{"line":13,"column":15}},"3":{"start":{"line":16,"column":4},"end":{"line":30,"column":6}},"4":{"start":{"line":31,"column":4},"end":{"line":31,"column":29}}},"fnMap":{"0":{"name":"(anonymous_0)","decl":{"start":{"line":3,"column":17},"end":{"line":3,"column":18}},"loc":{"start":{"line":3,"column":43},"end":{"line":32,"column":1}},"line":3},"1":{"name":"(anonymous_1)","decl":{"start":{"line":10,"column":8},"end":{"line":10,"column":9}},"loc":{"start":{"line":10,"column":33},"end":{"line":14,"column":9}},"line":10}},"branchMap":{},"s":{"0":3,"1":3,"2":3,"3":3,"4":3},"f":{"0":3,"1":3},"b":{},"_coverageSchema":"1a1c01bbd47fc00a2c39e90264f33305004495a9","hash":"45203decb56182f20faf6795ab9f78541546e1e9"}
,"D:\\project\\attendance-project\\attendance-be\\models\\index.js": {"path":"D:\\project\\attendance-project\\attendance-be\\models\\index.js","statementMap":{"0":{"start":{"line":2,"column":11},"end":{"line":2,"column":24}},"1":{"start":{"line":3,"column":13},"end":{"line":3,"column":28}},"2":{"start":{"line":4,"column":18},"end":{"line":4,"column":38}},"3":{"start":{"line":5,"column":16},"end":{"line":5,"column":34}},"4":{"start":{"line":6,"column":17},"end":{"line":6,"column":42}},"5":{"start":{"line":7,"column":12},"end":{"line":7,"column":49}},"6":{"start":{"line":8,"column":15},"end":{"line":8,"column":65}},"7":{"start":{"line":9,"column":11},"end":{"line":9,"column":13}},"8":{"start":{"line":12,"column":0},"end":{"line":16,"column":1}},"9":{"start":{"line":13,"column":2},"end":{"line":13,"column":74}},"10":{"start":{"line":15,"column":2},"end":{"line":15,"column":87}},"11":{"start":{"line":18,"column":0},"end":{"line":31,"column":5}},"12":{"start":{"line":21,"column":4},"end":{"line":26,"column":6}},"13":{"start":{"line":29,"column":18},"end":{"line":29,"column":85}},"14":{"start":{"line":30,"column":4},"end":{"line":30,"column":27}},"15":{"start":{"line":33,"column":0},"end":{"line":37,"column":3}},"16":{"start":{"line":34,"column":2},"end":{"line":36,"column":3}},"17":{"start":{"line":35,"column":4},"end":{"line":35,"column":32}},"18":{"start":{"line":39,"column":0},"end":{"line":39,"column":25}},"19":{"start":{"line":40,"column":0},"end":{"line":40,"column":25}},"20":{"start":{"line":42,"column":0},"end":{"line":42,"column":20}}},"fnMap":{"0":{"name":"(anonymous_0)","decl":{"start":{"line":20,"column":10},"end":{"line":20,"column":11}},"loc":{"start":{"line":20,"column":18},"end":{"line":27,"column":3}},"line":20},"1":{"name":"(anonymous_1)","decl":{"start":{"line":28,"column":11},"end":{"line":28,"column":12}},"loc":{"start":{"line":28,"column":19},"end":{"line":31,"column":3}},"line":28},"2":{"name":"(anonymous_2)","decl":{"start":{"line":33,"column":24},"end":{"line":33,"column":25}},"loc":{"start":{"line":33,"column":37},"end":{"line":37,"column":1}},"line":33}},"branchMap":{"0":{"loc":{"start":{"line":7,"column":12},"end":{"line":7,"column":49}},"type":"binary-expr","locations":[{"start":{"line":7,"column":12},"end":{"line":7,"column":32}},{"start":{"line":7,"column":36},"end":{"line":7,"column":49}}],"line":7},"1":{"loc":{"start":{"line":12,"column":0},"end":{"line":16,"column":1}},"type":"if","locations":[{"start":{"line":12,"column":0},"end":{"line":16,"column":1}},{"start":{"line":14,"column":7},"end":{"line":16,"column":1}}],"line":12},"2":{"loc":{"start":{"line":22,"column":6},"end":{"line":25,"column":37}},"type":"binary-expr","locations":[{"start":{"line":22,"column":6},"end":{"line":22,"column":29}},{"start":{"line":23,"column":6},"end":{"line":23,"column":23}},{"start":{"line":24,"column":6},"end":{"line":24,"column":30}},{"start":{"line":25,"column":6},"end":{"line":25,"column":37}}],"line":22},"3":{"loc":{"start":{"line":34,"column":2},"end":{"line":36,"column":3}},"type":"if","locations":[{"start":{"line":34,"column":2},"end":{"line":36,"column":3}},{"start":{},"end":{}}],"line":34}},"s":{"0":3,"1":3,"2":3,"3":3,"4":3,"5":3,"6":3,"7":3,"8":3,"9":0,"10":3,"11":3,"12":27,"13":24,"14":24,"15":3,"16":24,"17":24,"18":3,"19":3,"20":3},"f":{"0":27,"1":24,"2":24},"b":{"0":[3,0],"1":[0,3],"2":[27,27,24,24],"3":[24,0]},"_coverageSchema":"1a1c01bbd47fc00a2c39e90264f33305004495a9","hash":"c40a2e8a3ba2924830aa1e9a2d08e220685d3ed1"}
,"D:\\project\\attendance-project\\attendance-be\\src\\constant.js": {"path":"D:\\project\\attendance-project\\attendance-be\\src\\constant.js","statementMap":{"0":{"start":{"line":1,"column":20},"end":{"line":11,"column":1}},"1":{"start":{"line":13,"column":37},"end":{"line":17,"column":1}},"2":{"start":{"line":19,"column":37},"end":{"line":23,"column":1}},"3":{"start":{"line":25,"column":39},"end":{"line":30,"column":1}},"4":{"start":{"line":32,"column":39},"end":{"line":37,"column":1}},"5":{"start":{"line":38,"column":22},"end":{"line":41,"column":1}},"6":{"start":{"line":43,"column":32},"end":{"line":46,"column":1}},"7":{"start":{"line":48,"column":14},"end":{"line":52,"column":1}},"8":{"start":{"line":54,"column":20},"end":{"line":54,"column":70}},"9":{"start":{"line":56,"column":0},"end":{"line":66,"column":1}}},"fnMap":{},"branchMap":{},"s":{"0":4,"1":4,"2":4,"3":4,"4":4,"5":4,"6":4,"7":4,"8":4,"9":4},"f":{},"b":{},"_coverageSchema":"1a1c01bbd47fc00a2c39e90264f33305004495a9","hash":"a0cd4163a6695e415d11c6a498cfb2da9fe1e4d5"}
,"D:\\project\\attendance-project\\attendance-be\\src\\index.js": {"path":"D:\\project\\attendance-project\\attendance-be\\src\\index.js","statementMap":{"0":{"start":{"line":1,"column":0},"end":{"line":1,"column":26}},"1":{"start":{"line":3,"column":13},"end":{"line":3,"column":28}},"2":{"start":{"line":4,"column":16},"end":{"line":4,"column":34}},"3":{"start":{"line":5,"column":19},"end":{"line":5,"column":41}},"4":{"start":{"line":6,"column":23},"end":{"line":6,"column":52}},"5":{"start":{"line":7,"column":21},"end":{"line":7,"column":48}},"6":{"start":{"line":8,"column":21},"end":{"line":8,"column":48}},"7":{"start":{"line":9,"column":25},"end":{"line":9,"column":56}},"8":{"start":{"line":11,"column":12},"end":{"line":11,"column":21}},"9":{"start":{"line":13,"column":0},"end":{"line":13,"column":15}},"10":{"start":{"line":14,"column":0},"end":{"line":14,"column":26}},"11":{"start":{"line":16,"column":0},"end":{"line":16,"column":23}},"12":{"start":{"line":17,"column":0},"end":{"line":17,"column":21}},"13":{"start":{"line":18,"column":0},"end":{"line":18,"column":21}},"14":{"start":{"line":19,"column":0},"end":{"line":19,"column":25}},"15":{"start":{"line":26,"column":0},"end":{"line":26,"column":20}}},"fnMap":{},"branchMap":{},"s":{"0":3,"1":3,"2":3,"3":3,"4":3,"5":3,"6":3,"7":3,"8":3,"9":3,"10":3,"11":3,"12":3,"13":3,"14":3,"15":3},"f":{},"b":{},"_coverageSchema":"1a1c01bbd47fc00a2c39e90264f33305004495a9","hash":"a60c87950246c8b6d74b011b73babbea6639cd72"}
,"D:\\project\\attendance-project\\attendance-be\\src\\authentication\\AuthMiddleware.js": {"path":"D:\\project\\attendance-project\\attendance-be\\src\\authentication\\AuthMiddleware.js","statementMap":{"0":{"start":{"line":1,"column":31},"end":{"line":1,"column":53}},"1":{"start":{"line":2,"column":20},"end":{"line":2,"column":44}},"2":{"start":{"line":6,"column":4},"end":{"line":10,"column":5}},"3":{"start":{"line":7,"column":8},"end":{"line":7,"column":63}},"4":{"start":{"line":9,"column":8},"end":{"line":9,"column":102}},"5":{"start":{"line":11,"column":18},"end":{"line":11,"column":40}},"6":{"start":{"line":12,"column":4},"end":{"line":12,"column":39}},"7":{"start":{"line":12,"column":33},"end":{"line":12,"column":39}},"8":{"start":{"line":13,"column":4},"end":{"line":13,"column":113}},"9":{"start":{"line":13,"column":32},"end":{"line":13,"column":113}},"10":{"start":{"line":14,"column":4},"end":{"line":14,"column":113}},"11":{"start":{"line":14,"column":32},"end":{"line":14,"column":113}},"12":{"start":{"line":17,"column":0},"end":{"line":17,"column":31}}},"fnMap":{"0":{"name":"authMiddleWare","decl":{"start":{"line":4,"column":9},"end":{"line":4,"column":23}},"loc":{"start":{"line":4,"column":37},"end":{"line":15,"column":1}},"line":4}},"branchMap":{"0":{"loc":{"start":{"line":12,"column":4},"end":{"line":12,"column":39}},"type":"if","locations":[{"start":{"line":12,"column":4},"end":{"line":12,"column":39}},{"start":{},"end":{}}],"line":12},"1":{"loc":{"start":{"line":13,"column":4},"end":{"line":13,"column":113}},"type":"if","locations":[{"start":{"line":13,"column":4},"end":{"line":13,"column":113}},{"start":{},"end":{}}],"line":13},"2":{"loc":{"start":{"line":14,"column":4},"end":{"line":14,"column":113}},"type":"if","locations":[{"start":{"line":14,"column":4},"end":{"line":14,"column":113}},{"start":{},"end":{}}],"line":14}},"s":{"0":3,"1":3,"2":10,"3":10,"4":0,"5":10,"6":10,"7":10,"8":10,"9":0,"10":10,"11":0,"12":3},"f":{"0":10},"b":{"0":[10,0],"1":[0,10],"2":[0,10]},"_coverageSchema":"1a1c01bbd47fc00a2c39e90264f33305004495a9","hash":"b8e5c5c8e2aab1ef4104d47ee87b909cce85156b"}
,"D:\\project\\attendance-project\\attendance-be\\src\\authentication\\determineRoles.js": {"path":"D:\\project\\attendance-project\\attendance-be\\src\\authentication\\determineRoles.js","statementMap":{"0":{"start":{"line":1,"column":24},"end":{"line":1,"column":46}},"1":{"start":{"line":2,"column":28},"end":{"line":2,"column":54}},"2":{"start":{"line":4,"column":23},"end":{"line":12,"column":1}},"3":{"start":{"line":5,"column":4},"end":{"line":11,"column":6}},"4":{"start":{"line":6,"column":22},"end":{"line":6,"column":61}},"5":{"start":{"line":7,"column":29},"end":{"line":7,"column":55}},"6":{"start":{"line":8,"column":32},"end":{"line":8,"column":66}},"7":{"start":{"line":9,"column":8},"end":{"line":10,"column":95}},"8":{"start":{"line":9,"column":29},"end":{"line":9,"column":82}},"9":{"start":{"line":10,"column":13},"end":{"line":10,"column":95}},"10":{"start":{"line":14,"column":0},"end":{"line":14,"column":32}}},"fnMap":{"0":{"name":"(anonymous_0)","decl":{"start":{"line":4,"column":23},"end":{"line":4,"column":24}},"loc":{"start":{"line":4,"column":44},"end":{"line":12,"column":1}},"line":4},"1":{"name":"(anonymous_1)","decl":{"start":{"line":5,"column":11},"end":{"line":5,"column":12}},"loc":{"start":{"line":5,"column":30},"end":{"line":11,"column":5}},"line":5}},"branchMap":{"0":{"loc":{"start":{"line":9,"column":8},"end":{"line":10,"column":95}},"type":"if","locations":[{"start":{"line":9,"column":8},"end":{"line":10,"column":95}},{"start":{"line":10,"column":13},"end":{"line":10,"column":95}}],"line":9}},"s":{"0":3,"1":3,"2":3,"3":30,"4":9,"5":9,"6":9,"7":9,"8":7,"9":2,"10":3},"f":{"0":30,"1":9},"b":{"0":[7,2]},"_coverageSchema":"1a1c01bbd47fc00a2c39e90264f33305004495a9","hash":"62419e314ecf1b6093faf13d46803e40293e7c47"}
,"D:\\project\\attendance-project\\attendance-be\\src\\authentication\\generateToken.js": {"path":"D:\\project\\attendance-project\\attendance-be\\src\\authentication\\generateToken.js","statementMap":{"0":{"start":{"line":1,"column":12},"end":{"line":1,"column":35}},"1":{"start":{"line":2,"column":0},"end":{"line":2,"column":26}},"2":{"start":{"line":4,"column":19},"end":{"line":4,"column":87}},"3":{"start":{"line":5,"column":4},"end":{"line":5,"column":16}},"4":{"start":{"line":8,"column":0},"end":{"line":8,"column":30}}},"fnMap":{"0":{"name":"generateToken","decl":{"start":{"line":3,"column":9},"end":{"line":3,"column":22}},"loc":{"start":{"line":3,"column":30},"end":{"line":6,"column":1}},"line":3}},"branchMap":{},"s":{"0":3,"1":3,"2":4,"3":4,"4":3},"f":{"0":4},"b":{},"_coverageSchema":"1a1c01bbd47fc00a2c39e90264f33305004495a9","hash":"8f5f63d61ca7cd8134ad293fff325fbc40128bd9"}
,"D:\\project\\attendance-project\\attendance-be\\src\\authentication\\getTokenRoles.js": {"path":"D:\\project\\attendance-project\\attendance-be\\src\\authentication\\getTokenRoles.js","statementMap":{"0":{"start":{"line":1,"column":12},"end":{"line":1,"column":35}},"1":{"start":{"line":2,"column":26},"end":{"line":2,"column":48}},"2":{"start":{"line":4,"column":35},"end":{"line":4,"column":52}},"3":{"start":{"line":5,"column":20},"end":{"line":5,"column":66}},"4":{"start":{"line":6,"column":4},"end":{"line":6,"column":19}},"5":{"start":{"line":9,"column":0},"end":{"line":9,"column":36}}},"fnMap":{"0":{"name":"getTokenRolesAndNip","decl":{"start":{"line":3,"column":9},"end":{"line":3,"column":28}},"loc":{"start":{"line":3,"column":35},"end":{"line":7,"column":1}},"line":3}},"branchMap":{},"s":{"0":3,"1":3,"2":9,"3":9,"4":9,"5":3},"f":{"0":9},"b":{},"_coverageSchema":"1a1c01bbd47fc00a2c39e90264f33305004495a9","hash":"98dcd46b89bbab2058b15a10c8f77c915583d093"}
,"D:\\project\\attendance-project\\attendance-be\\src\\authentication\\verifyToken.js": {"path":"D:\\project\\attendance-project\\attendance-be\\src\\authentication\\verifyToken.js","statementMap":{"0":{"start":{"line":1,"column":12},"end":{"line":1,"column":35}},"1":{"start":{"line":2,"column":18},"end":{"line":2,"column":40}},"2":{"start":{"line":3,"column":0},"end":{"line":3,"column":27}},"3":{"start":{"line":6,"column":4},"end":{"line":15,"column":5}},"4":{"start":{"line":7,"column":8},"end":{"line":7,"column":58}},"5":{"start":{"line":8,"column":8},"end":{"line":8,"column":30}},"6":{"start":{"line":10,"column":8},"end":{"line":12,"column":9}},"7":{"start":{"line":11,"column":12},"end":{"line":11,"column":33}},"8":{"start":{"line":14,"column":8},"end":{"line":14,"column":29}},"9":{"start":{"line":18,"column":0},"end":{"line":18,"column":29}}},"fnMap":{"0":{"name":"verifyToken","decl":{"start":{"line":5,"column":9},"end":{"line":5,"column":20}},"loc":{"start":{"line":5,"column":28},"end":{"line":16,"column":1}},"line":5}},"branchMap":{"0":{"loc":{"start":{"line":10,"column":8},"end":{"line":12,"column":9}},"type":"if","locations":[{"start":{"line":10,"column":8},"end":{"line":12,"column":9}},{"start":{},"end":{}}],"line":10}},"s":{"0":3,"1":3,"2":3,"3":10,"4":10,"5":10,"6":0,"7":0,"8":0,"9":3},"f":{"0":10},"b":{"0":[0,0]},"_coverageSchema":"1a1c01bbd47fc00a2c39e90264f33305004495a9","hash":"af8260e70f53abcf368c3da50e8222e26f332ca0"}
,"D:\\project\\attendance-project\\attendance-be\\src\\repository\\attendance.js": {"path":"D:\\project\\attendance-project\\attendance-be\\src\\repository\\attendance.js","statementMap":{"0":{"start":{"line":1,"column":11},"end":{"line":1,"column":34}},"1":{"start":{"line":2,"column":19},"end":{"line":2,"column":80}},"2":{"start":{"line":3,"column":29},"end":{"line":3,"column":31}},"3":{"start":{"line":5,"column":0},"end":{"line":12,"column":2}},"4":{"start":{"line":6,"column":4},"end":{"line":11,"column":5}},"5":{"start":{"line":7,"column":30},"end":{"line":7,"column":59}},"6":{"start":{"line":8,"column":8},"end":{"line":8,"column":29}},"7":{"start":{"line":10,"column":8},"end":{"line":10,"column":69}},"8":{"start":{"line":14,"column":0},"end":{"line":21,"column":2}},"9":{"start":{"line":15,"column":4},"end":{"line":20,"column":5}},"10":{"start":{"line":16,"column":28},"end":{"line":16,"column":77}},"11":{"start":{"line":17,"column":8},"end":{"line":17,"column":27}},"12":{"start":{"line":19,"column":8},"end":{"line":19,"column":70}},"13":{"start":{"line":23,"column":0},"end":{"line":37,"column":2}},"14":{"start":{"line":24,"column":4},"end":{"line":36,"column":5}},"15":{"start":{"line":25,"column":28},"end":{"line":29,"column":10}},"16":{"start":{"line":30,"column":8},"end":{"line":30,"column":27}},"17":{"start":{"line":32,"column":8},"end":{"line":35,"column":10}},"18":{"start":{"line":39,"column":0},"end":{"line":43,"column":2}},"19":{"start":{"line":40,"column":26},"end":{"line":40,"column":69}},"20":{"start":{"line":41,"column":4},"end":{"line":41,"column":64}},"21":{"start":{"line":41,"column":24},"end":{"line":41,"column":64}},"22":{"start":{"line":42,"column":4},"end":{"line":42,"column":25}},"23":{"start":{"line":45,"column":0},"end":{"line":53,"column":2}},"24":{"start":{"line":46,"column":4},"end":{"line":52,"column":5}},"25":{"start":{"line":47,"column":34},"end":{"line":47,"column":63}},"26":{"start":{"line":48,"column":8},"end":{"line":48,"column":45}},"27":{"start":{"line":49,"column":8},"end":{"line":49,"column":33}},"28":{"start":{"line":51,"column":8},"end":{"line":51,"column":69}},"29":{"start":{"line":54,"column":0},"end":{"line":54,"column":38}}},"fnMap":{"0":{"name":"(anonymous_0)","decl":{"start":{"line":5,"column":30},"end":{"line":5,"column":31}},"loc":{"start":{"line":5,"column":46},"end":{"line":12,"column":1}},"line":5},"1":{"name":"(anonymous_1)","decl":{"start":{"line":14,"column":30},"end":{"line":14,"column":31}},"loc":{"start":{"line":14,"column":53},"end":{"line":21,"column":1}},"line":14},"2":{"name":"(anonymous_2)","decl":{"start":{"line":23,"column":30},"end":{"line":23,"column":31}},"loc":{"start":{"line":23,"column":57},"end":{"line":37,"column":1}},"line":23},"3":{"name":"(anonymous_3)","decl":{"start":{"line":39,"column":33},"end":{"line":39,"column":34}},"loc":{"start":{"line":39,"column":47},"end":{"line":43,"column":1}},"line":39},"4":{"name":"(anonymous_4)","decl":{"start":{"line":45,"column":30},"end":{"line":45,"column":31}},"loc":{"start":{"line":45,"column":50},"end":{"line":53,"column":1}},"line":45}},"branchMap":{"0":{"loc":{"start":{"line":41,"column":4},"end":{"line":41,"column":64}},"type":"if","locations":[{"start":{"line":41,"column":4},"end":{"line":41,"column":64}},{"start":{},"end":{}}],"line":41}},"s":{"0":3,"1":3,"2":3,"3":3,"4":0,"5":0,"6":0,"7":0,"8":3,"9":0,"10":0,"11":0,"12":0,"13":3,"14":0,"15":0,"16":0,"17":0,"18":3,"19":0,"20":0,"21":0,"22":0,"23":3,"24":0,"25":0,"26":0,"27":0,"28":0,"29":3},"f":{"0":0,"1":0,"2":0,"3":0,"4":0},"b":{"0":[0,0]},"_coverageSchema":"1a1c01bbd47fc00a2c39e90264f33305004495a9","hash":"ba3e4065170c67386683609258377f7f02a3eaf3"}
,"D:\\project\\attendance-project\\attendance-be\\src\\repository\\employee.js": {"path":"D:\\project\\attendance-project\\attendance-be\\src\\repository\\employee.js","statementMap":{"0":{"start":{"line":2,"column":11},"end":{"line":2,"column":34}},"1":{"start":{"line":3,"column":17},"end":{"line":3,"column":76}},"2":{"start":{"line":4,"column":24},"end":{"line":4,"column":46}},"3":{"start":{"line":6,"column":27},"end":{"line":6,"column":29}},"4":{"start":{"line":8,"column":0},"end":{"line":14,"column":1}},"5":{"start":{"line":9,"column":28},"end":{"line":9,"column":65}},"6":{"start":{"line":11,"column":8},"end":{"line":11,"column":62}},"7":{"start":{"line":11,"column":25},"end":{"line":11,"column":62}},"8":{"start":{"line":12,"column":8},"end":{"line":12,"column":26}},"9":{"start":{"line":16,"column":0},"end":{"line":23,"column":1}},"10":{"start":{"line":17,"column":4},"end":{"line":22,"column":5}},"11":{"start":{"line":18,"column":26},"end":{"line":18,"column":70}},"12":{"start":{"line":19,"column":8},"end":{"line":19,"column":24}},"13":{"start":{"line":21,"column":8},"end":{"line":21,"column":67}},"14":{"start":{"line":25,"column":0},"end":{"line":33,"column":1}},"15":{"start":{"line":26,"column":4},"end":{"line":32,"column":5}},"16":{"start":{"line":27,"column":32},"end":{"line":27,"column":59}},"17":{"start":{"line":28,"column":8},"end":{"line":28,"column":30}},"18":{"start":{"line":31,"column":8},"end":{"line":31,"column":66}},"19":{"start":{"line":35,"column":0},"end":{"line":45,"column":1}},"20":{"start":{"line":36,"column":4},"end":{"line":36,"column":109}},"21":{"start":{"line":36,"column":15},"end":{"line":36,"column":109}},"22":{"start":{"line":38,"column":4},"end":{"line":44,"column":5}},"23":{"start":{"line":39,"column":32},"end":{"line":39,"column":59}},"24":{"start":{"line":40,"column":8},"end":{"line":40,"column":47}},"25":{"start":{"line":41,"column":8},"end":{"line":41,"column":30}},"26":{"start":{"line":43,"column":8},"end":{"line":43,"column":66}},"27":{"start":{"line":47,"column":0},"end":{"line":52,"column":1}},"28":{"start":{"line":48,"column":32},"end":{"line":48,"column":69}},"29":{"start":{"line":49,"column":8},"end":{"line":49,"column":36}},"30":{"start":{"line":50,"column":8},"end":{"line":50,"column":75}},"31":{"start":{"line":50,"column":38},"end":{"line":50,"column":75}},"32":{"start":{"line":51,"column":8},"end":{"line":51,"column":30}},"33":{"start":{"line":54,"column":0},"end":{"line":54,"column":35}},"34":{"start":{"line":57,"column":4},"end":{"line":57,"column":56}},"35":{"start":{"line":57,"column":45},"end":{"line":57,"column":56}},"36":{"start":{"line":58,"column":4},"end":{"line":58,"column":16}}},"fnMap":{"0":{"name":"(anonymous_0)","decl":{"start":{"line":8,"column":28},"end":{"line":8,"column":29}},"loc":{"start":{"line":8,"column":41},"end":{"line":14,"column":1}},"line":8},"1":{"name":"(anonymous_1)","decl":{"start":{"line":16,"column":28},"end":{"line":16,"column":29}},"loc":{"start":{"line":16,"column":48},"end":{"line":23,"column":1}},"line":16},"2":{"name":"(anonymous_2)","decl":{"start":{"line":25,"column":31},"end":{"line":25,"column":32}},"loc":{"start":{"line":25,"column":46},"end":{"line":33,"column":1}},"line":25},"3":{"name":"(anonymous_3)","decl":{"start":{"line":35,"column":28},"end":{"line":35,"column":29}},"loc":{"start":{"line":35,"column":47},"end":{"line":45,"column":1}},"line":35},"4":{"name":"(anonymous_4)","decl":{"start":{"line":47,"column":31},"end":{"line":47,"column":32}},"loc":{"start":{"line":47,"column":45},"end":{"line":52,"column":1}},"line":47},"5":{"name":"isNull","decl":{"start":{"line":56,"column":9},"end":{"line":56,"column":15}},"loc":{"start":{"line":56,"column":20},"end":{"line":59,"column":1}},"line":56}},"branchMap":{"0":{"loc":{"start":{"line":11,"column":8},"end":{"line":11,"column":62}},"type":"if","locations":[{"start":{"line":11,"column":8},"end":{"line":11,"column":62}},{"start":{},"end":{}}],"line":11},"1":{"loc":{"start":{"line":36,"column":4},"end":{"line":36,"column":109}},"type":"if","locations":[{"start":{"line":36,"column":4},"end":{"line":36,"column":109}},{"start":{},"end":{}}],"line":36},"2":{"loc":{"start":{"line":50,"column":8},"end":{"line":50,"column":75}},"type":"if","locations":[{"start":{"line":50,"column":8},"end":{"line":50,"column":75}},{"start":{},"end":{}}],"line":50},"3":{"loc":{"start":{"line":57,"column":4},"end":{"line":57,"column":56}},"type":"if","locations":[{"start":{"line":57,"column":4},"end":{"line":57,"column":56}},{"start":{},"end":{}}],"line":57},"4":{"loc":{"start":{"line":57,"column":8},"end":{"line":57,"column":43}},"type":"binary-expr","locations":[{"start":{"line":57,"column":8},"end":{"line":57,"column":12}},{"start":{"line":57,"column":16},"end":{"line":57,"column":32}},{"start":{"line":57,"column":36},"end":{"line":57,"column":43}}],"line":57}},"s":{"0":3,"1":3,"2":3,"3":3,"4":3,"5":2,"6":2,"7":0,"8":2,"9":3,"10":2,"11":2,"12":2,"13":0,"14":3,"15":0,"16":0,"17":0,"18":0,"19":3,"20":0,"21":0,"22":0,"23":0,"24":0,"25":0,"26":0,"27":3,"28":1,"29":1,"30":1,"31":1,"32":0,"33":3,"34":1,"35":1,"36":0},"f":{"0":2,"1":2,"2":0,"3":0,"4":1,"5":1},"b":{"0":[0,2],"1":[0,0],"2":[1,0],"3":[1,0],"4":[1,0,0]},"_coverageSchema":"1a1c01bbd47fc00a2c39e90264f33305004495a9","hash":"26a7feda12d74e13bd82ce1cd80d59b4b914a870"}
,"D:\\project\\attendance-project\\attendance-be\\src\\repository\\employeeDocument.js": {"path":"D:\\project\\attendance-project\\attendance-be\\src\\repository\\employeeDocument.js","statementMap":{"0":{"start":{"line":1,"column":24},"end":{"line":1,"column":46}},"1":{"start":{"line":3,"column":28},"end":{"line":3,"column":48}},"2":{"start":{"line":5,"column":35},"end":{"line":5,"column":37}},"3":{"start":{"line":7,"column":0},"end":{"line":14,"column":1}},"4":{"start":{"line":8,"column":4},"end":{"line":13,"column":5}},"5":{"start":{"line":9,"column":20},"end":{"line":9,"column":56}},"6":{"start":{"line":10,"column":8},"end":{"line":10,"column":18}},"7":{"start":{"line":12,"column":8},"end":{"line":12,"column":76}},"8":{"start":{"line":18,"column":0},"end":{"line":25,"column":1}},"9":{"start":{"line":19,"column":4},"end":{"line":24,"column":5}},"10":{"start":{"line":20,"column":27},"end":{"line":20,"column":96}},"11":{"start":{"line":21,"column":8},"end":{"line":21,"column":25}},"12":{"start":{"line":23,"column":8},"end":{"line":23,"column":67}},"13":{"start":{"line":27,"column":0},"end":{"line":34,"column":1}},"14":{"start":{"line":28,"column":4},"end":{"line":33,"column":5}},"15":{"start":{"line":29,"column":19},"end":{"line":29,"column":80}},"16":{"start":{"line":30,"column":8},"end":{"line":30,"column":17}},"17":{"start":{"line":32,"column":8},"end":{"line":32,"column":60}},"18":{"start":{"line":36,"column":0},"end":{"line":43,"column":1}},"19":{"start":{"line":37,"column":4},"end":{"line":42,"column":5}},"20":{"start":{"line":38,"column":30},"end":{"line":38,"column":103}},"21":{"start":{"line":39,"column":8},"end":{"line":39,"column":28}},"22":{"start":{"line":41,"column":8},"end":{"line":41,"column":71}},"23":{"start":{"line":44,"column":0},"end":{"line":44,"column":43}}},"fnMap":{"0":{"name":"(anonymous_0)","decl":{"start":{"line":7,"column":56},"end":{"line":7,"column":57}},"loc":{"start":{"line":7,"column":70},"end":{"line":14,"column":1}},"line":7},"1":{"name":"(anonymous_1)","decl":{"start":{"line":18,"column":51},"end":{"line":18,"column":52}},"loc":{"start":{"line":18,"column":65},"end":{"line":25,"column":1}},"line":18},"2":{"name":"(anonymous_2)","decl":{"start":{"line":27,"column":43},"end":{"line":27,"column":44}},"loc":{"start":{"line":27,"column":57},"end":{"line":34,"column":1}},"line":27},"3":{"name":"(anonymous_3)","decl":{"start":{"line":36,"column":54},"end":{"line":36,"column":55}},"loc":{"start":{"line":36,"column":68},"end":{"line":43,"column":1}},"line":36}},"branchMap":{},"s":{"0":3,"1":3,"2":3,"3":3,"4":0,"5":0,"6":0,"7":0,"8":3,"9":0,"10":0,"11":0,"12":0,"13":3,"14":0,"15":0,"16":0,"17":0,"18":3,"19":0,"20":0,"21":0,"22":0,"23":3},"f":{"0":0,"1":0,"2":0,"3":0},"b":{},"_coverageSchema":"1a1c01bbd47fc00a2c39e90264f33305004495a9","hash":"c0aecd080e0d3826ee74f312a899095cb953fdd9"}
,"D:\\project\\attendance-project\\attendance-be\\src\\routers\\attendance.js": {"path":"D:\\project\\attendance-project\\attendance-be\\src\\routers\\attendance.js","statementMap":{"0":{"start":{"line":1,"column":19},"end":{"line":1,"column":37}},"1":{"start":{"line":2,"column":23},"end":{"line":2,"column":66}},"2":{"start":{"line":3,"column":23},"end":{"line":3,"column":66}},"3":{"start":{"line":4,"column":27},"end":{"line":4,"column":60}},"4":{"start":{"line":5,"column":39},"end":{"line":5,"column":61}},"5":{"start":{"line":6,"column":27},"end":{"line":6,"column":72}},"6":{"start":{"line":7,"column":33},"end":{"line":7,"column":78}},"7":{"start":{"line":9,"column":25},"end":{"line":9,"column":33}},"8":{"start":{"line":11,"column":0},"end":{"line":19,"column":2}},"9":{"start":{"line":17,"column":12},"end":{"line":17,"column":72}},"10":{"start":{"line":21,"column":0},"end":{"line":40,"column":2}},"11":{"start":{"line":27,"column":12},"end":{"line":27,"column":78}},"12":{"start":{"line":30,"column":12},"end":{"line":34,"column":14}},"13":{"start":{"line":31,"column":12},"end":{"line":34,"column":14}},"14":{"start":{"line":35,"column":12},"end":{"line":37,"column":56}},"15":{"start":{"line":42,"column":0},"end":{"line":49,"column":2}},"16":{"start":{"line":47,"column":12},"end":{"line":47,"column":71}},"17":{"start":{"line":51,"column":0},"end":{"line":58,"column":2}},"18":{"start":{"line":56,"column":12},"end":{"line":56,"column":71}},"19":{"start":{"line":60,"column":0},"end":{"line":75,"column":2}},"20":{"start":{"line":66,"column":12},"end":{"line":66,"column":71}},"21":{"start":{"line":68,"column":12},"end":{"line":69,"column":79}},"22":{"start":{"line":69,"column":12},"end":{"line":69,"column":79}},"23":{"start":{"line":70,"column":12},"end":{"line":72,"column":56}},"24":{"start":{"line":78,"column":0},"end":{"line":78,"column":33}}},"fnMap":{"0":{"name":"(anonymous_0)","decl":{"start":{"line":16,"column":31},"end":{"line":16,"column":32}},"loc":{"start":{"line":17,"column":12},"end":{"line":17,"column":72}},"line":17},"1":{"name":"(anonymous_1)","decl":{"start":{"line":26,"column":31},"end":{"line":26,"column":32}},"loc":{"start":{"line":27,"column":12},"end":{"line":27,"column":78}},"line":27},"2":{"name":"(anonymous_2)","decl":{"start":{"line":29,"column":34},"end":{"line":29,"column":35}},"loc":{"start":{"line":29,"column":68},"end":{"line":38,"column":9}},"line":29},"3":{"name":"(anonymous_3)","decl":{"start":{"line":46,"column":31},"end":{"line":46,"column":32}},"loc":{"start":{"line":47,"column":12},"end":{"line":47,"column":71}},"line":47},"4":{"name":"(anonymous_4)","decl":{"start":{"line":55,"column":31},"end":{"line":55,"column":32}},"loc":{"start":{"line":56,"column":12},"end":{"line":56,"column":71}},"line":56},"5":{"name":"(anonymous_5)","decl":{"start":{"line":65,"column":31},"end":{"line":65,"column":32}},"loc":{"start":{"line":66,"column":12},"end":{"line":66,"column":71}},"line":66},"6":{"name":"(anonymous_6)","decl":{"start":{"line":67,"column":34},"end":{"line":67,"column":35}},"loc":{"start":{"line":67,"column":67},"end":{"line":73,"column":9}},"line":67}},"branchMap":{"0":{"loc":{"start":{"line":30,"column":12},"end":{"line":34,"column":14}},"type":"if","locations":[{"start":{"line":30,"column":12},"end":{"line":34,"column":14}},{"start":{},"end":{}}],"line":30},"1":{"loc":{"start":{"line":68,"column":12},"end":{"line":69,"column":79}},"type":"if","locations":[{"start":{"line":68,"column":12},"end":{"line":69,"column":79}},{"start":{},"end":{}}],"line":68}},"s":{"0":3,"1":3,"2":3,"3":3,"4":3,"5":3,"6":3,"7":3,"8":3,"9":0,"10":3,"11":0,"12":0,"13":0,"14":0,"15":3,"16":0,"17":3,"18":0,"19":3,"20":0,"21":0,"22":0,"23":0,"24":3},"f":{"0":0,"1":0,"2":0,"3":0,"4":0,"5":0,"6":0},"b":{"0":[0,0],"1":[0,0]},"_coverageSchema":"1a1c01bbd47fc00a2c39e90264f33305004495a9","hash":"65db5ab0805d65eac38bbdf64f5f607f24732e62"}
,"D:\\project\\attendance-project\\attendance-be\\src\\routers\\employee.js": {"path":"D:\\project\\attendance-project\\attendance-be\\src\\routers\\employee.js","statementMap":{"0":{"start":{"line":1,"column":19},"end":{"line":1,"column":37}},"1":{"start":{"line":2,"column":27},"end":{"line":2,"column":69}},"2":{"start":{"line":3,"column":39},"end":{"line":3,"column":61}},"3":{"start":{"line":4,"column":25},"end":{"line":4,"column":56}},"4":{"start":{"line":5,"column":23},"end":{"line":5,"column":66}},"5":{"start":{"line":6,"column":23},"end":{"line":6,"column":66}},"6":{"start":{"line":7,"column":33},"end":{"line":7,"column":78}},"7":{"start":{"line":9,"column":23},"end":{"line":9,"column":31}},"8":{"start":{"line":11,"column":0},"end":{"line":19,"column":2}},"9":{"start":{"line":17,"column":52},"end":{"line":17,"column":98}},"10":{"start":{"line":21,"column":0},"end":{"line":28,"column":2}},"11":{"start":{"line":26,"column":50},"end":{"line":26,"column":97}},"12":{"start":{"line":30,"column":0},"end":{"line":42,"column":2}},"13":{"start":{"line":34,"column":50},"end":{"line":34,"column":93}},"14":{"start":{"line":36,"column":12},"end":{"line":36,"column":103}},"15":{"start":{"line":36,"column":52},"end":{"line":36,"column":103}},"16":{"start":{"line":37,"column":12},"end":{"line":39,"column":56}},"17":{"start":{"line":44,"column":0},"end":{"line":55,"column":2}},"18":{"start":{"line":49,"column":50},"end":{"line":49,"column":100}},"19":{"start":{"line":51,"column":12},"end":{"line":51,"column":108}},"20":{"start":{"line":51,"column":51},"end":{"line":51,"column":108}},"21":{"start":{"line":52,"column":12},"end":{"line":52,"column":94}},"22":{"start":{"line":57,"column":0},"end":{"line":63,"column":2}},"23":{"start":{"line":61,"column":50},"end":{"line":61,"column":96}},"24":{"start":{"line":65,"column":0},"end":{"line":65,"column":32}},"25":{"start":{"line":68,"column":4},"end":{"line":68,"column":55}},"26":{"start":{"line":69,"column":4},"end":{"line":69,"column":11}}},"fnMap":{"0":{"name":"(anonymous_0)","decl":{"start":{"line":17,"column":31},"end":{"line":17,"column":32}},"loc":{"start":{"line":17,"column":52},"end":{"line":17,"column":98}},"line":17},"1":{"name":"(anonymous_1)","decl":{"start":{"line":26,"column":31},"end":{"line":26,"column":32}},"loc":{"start":{"line":26,"column":50},"end":{"line":26,"column":97}},"line":26},"2":{"name":"(anonymous_2)","decl":{"start":{"line":34,"column":31},"end":{"line":34,"column":32}},"loc":{"start":{"line":34,"column":50},"end":{"line":34,"column":93}},"line":34},"3":{"name":"(anonymous_3)","decl":{"start":{"line":35,"column":34},"end":{"line":35,"column":35}},"loc":{"start":{"line":35,"column":68},"end":{"line":40,"column":9}},"line":35},"4":{"name":"(anonymous_4)","decl":{"start":{"line":49,"column":31},"end":{"line":49,"column":32}},"loc":{"start":{"line":49,"column":50},"end":{"line":49,"column":100}},"line":49},"5":{"name":"(anonymous_5)","decl":{"start":{"line":50,"column":35},"end":{"line":50,"column":36}},"loc":{"start":{"line":50,"column":67},"end":{"line":53,"column":9}},"line":50},"6":{"name":"(anonymous_6)","decl":{"start":{"line":61,"column":31},"end":{"line":61,"column":32}},"loc":{"start":{"line":61,"column":50},"end":{"line":61,"column":96}},"line":61},"7":{"name":"assignDefaultAuth","decl":{"start":{"line":67,"column":9},"end":{"line":67,"column":26}},"loc":{"start":{"line":67,"column":43},"end":{"line":70,"column":1}},"line":67}},"branchMap":{"0":{"loc":{"start":{"line":36,"column":12},"end":{"line":36,"column":103}},"type":"if","locations":[{"start":{"line":36,"column":12},"end":{"line":36,"column":103}},{"start":{},"end":{}}],"line":36},"1":{"loc":{"start":{"line":51,"column":12},"end":{"line":51,"column":108}},"type":"if","locations":[{"start":{"line":51,"column":12},"end":{"line":51,"column":108}},{"start":{},"end":{}}],"line":51}},"s":{"0":3,"1":3,"2":3,"3":3,"4":3,"5":3,"6":3,"7":3,"8":3,"9":0,"10":3,"11":2,"12":3,"13":1,"14":3,"15":1,"16":2,"17":3,"18":0,"19":0,"20":0,"21":0,"22":3,"23":1,"24":3,"25":0,"26":0},"f":{"0":0,"1":2,"2":1,"3":3,"4":0,"5":0,"6":1,"7":0},"b":{"0":[1,2],"1":[0,0]},"_coverageSchema":"1a1c01bbd47fc00a2c39e90264f33305004495a9","hash":"957c075220edf0932c4e5d3a72ac7d0b296f80de"}
,"D:\\project\\attendance-project\\attendance-be\\src\\routers\\signIn.js": {"path":"D:\\project\\attendance-project\\attendance-be\\src\\routers\\signIn.js","statementMap":{"0":{"start":{"line":1,"column":19},"end":{"line":1,"column":37}},"1":{"start":{"line":2,"column":23},"end":{"line":2,"column":64}},"2":{"start":{"line":3,"column":15},"end":{"line":3,"column":44}},"3":{"start":{"line":5,"column":21},"end":{"line":5,"column":29}},"4":{"start":{"line":7,"column":0},"end":{"line":7,"column":52}},"5":{"start":{"line":9,"column":0},"end":{"line":9,"column":29}}},"fnMap":{},"branchMap":{},"s":{"0":3,"1":3,"2":3,"3":3,"4":3,"5":3},"f":{},"b":{},"_coverageSchema":"1a1c01bbd47fc00a2c39e90264f33305004495a9","hash":"27866eb07eba331330d17cbf2e380fd506e5f6c2"}
,"D:\\project\\attendance-project\\attendance-be\\src\\routers\\signUp.js": {"path":"D:\\project\\attendance-project\\attendance-be\\src\\routers\\signUp.js","statementMap":{"0":{"start":{"line":1,"column":19},"end":{"line":1,"column":37}},"1":{"start":{"line":2,"column":23},"end":{"line":2,"column":64}},"2":{"start":{"line":3,"column":15},"end":{"line":3,"column":44}},"3":{"start":{"line":4,"column":20},"end":{"line":4,"column":54}},"4":{"start":{"line":5,"column":26},"end":{"line":5,"column":48}},"5":{"start":{"line":7,"column":21},"end":{"line":7,"column":29}},"6":{"start":{"line":9,"column":0},"end":{"line":9,"column":76}},"7":{"start":{"line":11,"column":0},"end":{"line":11,"column":29}},"8":{"start":{"line":14,"column":4},"end":{"line":14,"column":32}},"9":{"start":{"line":15,"column":4},"end":{"line":15,"column":10}},"10":{"start":{"line":19,"column":4},"end":{"line":19,"column":54}},"11":{"start":{"line":20,"column":4},"end":{"line":20,"column":10}}},"fnMap":{"0":{"name":"assignNip","decl":{"start":{"line":13,"column":9},"end":{"line":13,"column":18}},"loc":{"start":{"line":13,"column":32},"end":{"line":16,"column":1}},"line":13},"1":{"name":"assignAuthId","decl":{"start":{"line":18,"column":9},"end":{"line":18,"column":21}},"loc":{"start":{"line":18,"column":35},"end":{"line":21,"column":1}},"line":18}},"branchMap":{},"s":{"0":3,"1":3,"2":3,"3":3,"4":3,"5":3,"6":3,"7":3,"8":1,"9":1,"10":1,"11":1},"f":{"0":1,"1":1},"b":{},"_coverageSchema":"1a1c01bbd47fc00a2c39e90264f33305004495a9","hash":"b9925a5aaebf021b72f549ed62be52b5cc57cb43"}
,"D:\\project\\attendance-project\\attendance-be\\src\\services\\attendance.js": {"path":"D:\\project\\attendance-project\\attendance-be\\src\\services\\attendance.js","statementMap":{"0":{"start":{"line":1,"column":24},"end":{"line":1,"column":62}},"1":{"start":{"line":2,"column":41},"end":{"line":2,"column":98}},"2":{"start":{"line":3,"column":24},"end":{"line":3,"column":46}},"3":{"start":{"line":4,"column":29},"end":{"line":4,"column":64}},"4":{"start":{"line":6,"column":27},"end":{"line":6,"column":29}},"5":{"start":{"line":8,"column":0},"end":{"line":17,"column":1}},"6":{"start":{"line":9,"column":16},"end":{"line":9,"column":29}},"7":{"start":{"line":10,"column":4},"end":{"line":16,"column":5}},"8":{"start":{"line":11,"column":27},"end":{"line":11,"column":65}},"9":{"start":{"line":12,"column":8},"end":{"line":12,"column":52}},"10":{"start":{"line":13,"column":8},"end":{"line":13,"column":65}},"11":{"start":{"line":15,"column":8},"end":{"line":15,"column":111}},"12":{"start":{"line":19,"column":0},"end":{"line":29,"column":1}},"13":{"start":{"line":20,"column":18},"end":{"line":20,"column":33}},"14":{"start":{"line":21,"column":17},"end":{"line":21,"column":31}},"15":{"start":{"line":22,"column":4},"end":{"line":28,"column":5}},"16":{"start":{"line":23,"column":28},"end":{"line":23,"column":73}},"17":{"start":{"line":24,"column":8},"end":{"line":24,"column":83}},"18":{"start":{"line":24,"column":34},"end":{"line":24,"column":82}},"19":{"start":{"line":25,"column":8},"end":{"line":25,"column":64}},"20":{"start":{"line":27,"column":8},"end":{"line":27,"column":125}},"21":{"start":{"line":31,"column":0},"end":{"line":43,"column":1}},"22":{"start":{"line":32,"column":18},"end":{"line":32,"column":33}},"23":{"start":{"line":33,"column":17},"end":{"line":33,"column":31}},"24":{"start":{"line":34,"column":16},"end":{"line":34,"column":29}},"25":{"start":{"line":35,"column":4},"end":{"line":42,"column":5}},"26":{"start":{"line":36,"column":28},"end":{"line":36,"column":77}},"27":{"start":{"line":37,"column":8},"end":{"line":37,"column":84}},"28":{"start":{"line":37,"column":35},"end":{"line":37,"column":83}},"29":{"start":{"line":39,"column":8},"end":{"line":39,"column":64}},"30":{"start":{"line":41,"column":8},"end":{"line":41,"column":121}},"31":{"start":{"line":44,"column":0},"end":{"line":53,"column":1}},"32":{"start":{"line":45,"column":15},"end":{"line":45,"column":28}},"33":{"start":{"line":46,"column":17},"end":{"line":46,"column":25}},"34":{"start":{"line":47,"column":4},"end":{"line":52,"column":5}},"35":{"start":{"line":48,"column":33},"end":{"line":48,"column":76}},"36":{"start":{"line":49,"column":8},"end":{"line":49,"column":111}},"37":{"start":{"line":51,"column":8},"end":{"line":51,"column":81}},"38":{"start":{"line":55,"column":0},"end":{"line":63,"column":1}},"39":{"start":{"line":56,"column":15},"end":{"line":56,"column":28}},"40":{"start":{"line":57,"column":4},"end":{"line":62,"column":5}},"41":{"start":{"line":58,"column":30},"end":{"line":58,"column":70}},"42":{"start":{"line":59,"column":8},"end":{"line":59,"column":107}},"43":{"start":{"line":61,"column":8},"end":{"line":61,"column":81}},"44":{"start":{"line":65,"column":0},"end":{"line":73,"column":1}},"45":{"start":{"line":66,"column":17},"end":{"line":66,"column":25}},"46":{"start":{"line":67,"column":4},"end":{"line":72,"column":5}},"47":{"start":{"line":68,"column":34},"end":{"line":68,"column":73}},"48":{"start":{"line":69,"column":8},"end":{"line":69,"column":114}},"49":{"start":{"line":71,"column":8},"end":{"line":71,"column":117}},"50":{"start":{"line":74,"column":0},"end":{"line":74,"column":35}}},"fnMap":{"0":{"name":"(anonymous_0)","decl":{"start":{"line":8,"column":43},"end":{"line":8,"column":44}},"loc":{"start":{"line":8,"column":62},"end":{"line":17,"column":1}},"line":8},"1":{"name":"(anonymous_1)","decl":{"start":{"line":19,"column":47},"end":{"line":19,"column":48}},"loc":{"start":{"line":19,"column":66},"end":{"line":29,"column":1}},"line":19},"2":{"name":"(anonymous_2)","decl":{"start":{"line":24,"column":28},"end":{"line":24,"column":29}},"loc":{"start":{"line":24,"column":34},"end":{"line":24,"column":82}},"line":24},"3":{"name":"(anonymous_3)","decl":{"start":{"line":31,"column":53},"end":{"line":31,"column":54}},"loc":{"start":{"line":31,"column":72},"end":{"line":43,"column":1}},"line":31},"4":{"name":"(anonymous_4)","decl":{"start":{"line":37,"column":28},"end":{"line":37,"column":29}},"loc":{"start":{"line":37,"column":35},"end":{"line":37,"column":83}},"line":37},"5":{"name":"(anonymous_5)","decl":{"start":{"line":44,"column":46},"end":{"line":44,"column":47}},"loc":{"start":{"line":44,"column":65},"end":{"line":53,"column":1}},"line":44},"6":{"name":"(anonymous_6)","decl":{"start":{"line":55,"column":46},"end":{"line":55,"column":47}},"loc":{"start":{"line":55,"column":65},"end":{"line":63,"column":1}},"line":55},"7":{"name":"(anonymous_7)","decl":{"start":{"line":65,"column":46},"end":{"line":65,"column":47}},"loc":{"start":{"line":65,"column":65},"end":{"line":73,"column":1}},"line":65}},"branchMap":{},"s":{"0":3,"1":3,"2":3,"3":3,"4":3,"5":3,"6":0,"7":0,"8":0,"9":0,"10":0,"11":0,"12":3,"13":0,"14":0,"15":0,"16":0,"17":0,"18":0,"19":0,"20":0,"21":3,"22":0,"23":0,"24":0,"25":0,"26":0,"27":0,"28":0,"29":0,"30":0,"31":3,"32":0,"33":0,"34":0,"35":0,"36":0,"37":0,"38":3,"39":0,"40":0,"41":0,"42":0,"43":0,"44":3,"45":0,"46":0,"47":0,"48":0,"49":0,"50":3},"f":{"0":0,"1":0,"2":0,"3":0,"4":0,"5":0,"6":0,"7":0},"b":{},"_coverageSchema":"1a1c01bbd47fc00a2c39e90264f33305004495a9","hash":"d43785b0854601b64c388d3c7fa37f9d7632061c"}
,"D:\\project\\attendance-project\\attendance-be\\src\\services\\employee.js": {"path":"D:\\project\\attendance-project\\attendance-be\\src\\services\\employee.js","statementMap":{"0":{"start":{"line":1,"column":24},"end":{"line":1,"column":62}},"1":{"start":{"line":2,"column":23},"end":{"line":2,"column":57}},"2":{"start":{"line":3,"column":24},"end":{"line":3,"column":46}},"3":{"start":{"line":4,"column":29},"end":{"line":4,"column":64}},"4":{"start":{"line":5,"column":27},"end":{"line":5,"column":60}},"5":{"start":{"line":6,"column":35},"end":{"line":6,"column":76}},"6":{"start":{"line":8,"column":25},"end":{"line":8,"column":27}},"7":{"start":{"line":10,"column":0},"end":{"line":20,"column":1}},"8":{"start":{"line":11,"column":18},"end":{"line":11,"column":33}},"9":{"start":{"line":12,"column":17},"end":{"line":12,"column":48}},"10":{"start":{"line":13,"column":4},"end":{"line":19,"column":5}},"11":{"start":{"line":15,"column":26},"end":{"line":15,"column":69}},"12":{"start":{"line":16,"column":8},"end":{"line":16,"column":62}},"13":{"start":{"line":18,"column":8},"end":{"line":18,"column":110}},"14":{"start":{"line":22,"column":0},"end":{"line":30,"column":1}},"15":{"start":{"line":23,"column":16},"end":{"line":23,"column":29}},"16":{"start":{"line":24,"column":4},"end":{"line":29,"column":5}},"17":{"start":{"line":25,"column":25},"end":{"line":25,"column":61}},"18":{"start":{"line":26,"column":8},"end":{"line":26,"column":61}},"19":{"start":{"line":28,"column":8},"end":{"line":28,"column":84}},"20":{"start":{"line":32,"column":0},"end":{"line":45,"column":1}},"21":{"start":{"line":33,"column":16},"end":{"line":33,"column":29}},"22":{"start":{"line":34,"column":4},"end":{"line":44,"column":5}},"23":{"start":{"line":35,"column":25},"end":{"line":35,"column":55}},"24":{"start":{"line":36,"column":26},"end":{"line":36,"column":84}},"25":{"start":{"line":37,"column":23},"end":{"line":37,"column":61}},"26":{"start":{"line":38,"column":26},"end":{"line":38,"column":37}},"27":{"start":{"line":39,"column":8},"end":{"line":40,"column":56}},"28":{"start":{"line":43,"column":8},"end":{"line":43,"column":125}},"29":{"start":{"line":47,"column":0},"end":{"line":61,"column":1}},"30":{"start":{"line":48,"column":16},"end":{"line":48,"column":29}},"31":{"start":{"line":49,"column":18},"end":{"line":49,"column":33}},"32":{"start":{"line":50,"column":17},"end":{"line":50,"column":52}},"33":{"start":{"line":51,"column":4},"end":{"line":60,"column":5}},"34":{"start":{"line":52,"column":26},"end":{"line":52,"column":56}},"35":{"start":{"line":53,"column":29},"end":{"line":53,"column":72}},"36":{"start":{"line":54,"column":23},"end":{"line":54,"column":64}},"37":{"start":{"line":55,"column":26},"end":{"line":55,"column":37}},"38":{"start":{"line":56,"column":8},"end":{"line":56,"column":62}},"39":{"start":{"line":59,"column":8},"end":{"line":59,"column":131}},"40":{"start":{"line":63,"column":0},"end":{"line":74,"column":1}},"41":{"start":{"line":64,"column":16},"end":{"line":64,"column":29}},"42":{"start":{"line":65,"column":4},"end":{"line":65,"column":28}},"43":{"start":{"line":66,"column":4},"end":{"line":73,"column":5}},"44":{"start":{"line":67,"column":32},"end":{"line":67,"column":68}},"45":{"start":{"line":69,"column":8},"end":{"line":70,"column":10}},"46":{"start":{"line":72,"column":8},"end":{"line":72,"column":114}},"47":{"start":{"line":76,"column":0},"end":{"line":86,"column":1}},"48":{"start":{"line":77,"column":4},"end":{"line":77,"column":29}},"49":{"start":{"line":79,"column":4},"end":{"line":85,"column":5}},"50":{"start":{"line":80,"column":28},"end":{"line":80,"column":72}},"51":{"start":{"line":81,"column":8},"end":{"line":82,"column":10}},"52":{"start":{"line":84,"column":8},"end":{"line":84,"column":109}},"53":{"start":{"line":88,"column":0},"end":{"line":96,"column":1}},"54":{"start":{"line":89,"column":16},"end":{"line":89,"column":29}},"55":{"start":{"line":90,"column":4},"end":{"line":95,"column":5}},"56":{"start":{"line":91,"column":30},"end":{"line":91,"column":69}},"57":{"start":{"line":92,"column":8},"end":{"line":92,"column":106}},"58":{"start":{"line":94,"column":8},"end":{"line":94,"column":84}},"59":{"start":{"line":99,"column":0},"end":{"line":99,"column":33}},"60":{"start":{"line":102,"column":4},"end":{"line":102,"column":32}},"61":{"start":{"line":103,"column":4},"end":{"line":103,"column":33}},"62":{"start":{"line":104,"column":4},"end":{"line":104,"column":29}}},"fnMap":{"0":{"name":"(anonymous_0)","decl":{"start":{"line":10,"column":35},"end":{"line":10,"column":36}},"loc":{"start":{"line":10,"column":54},"end":{"line":20,"column":1}},"line":10},"1":{"name":"(anonymous_1)","decl":{"start":{"line":22,"column":31},"end":{"line":22,"column":32}},"loc":{"start":{"line":22,"column":48},"end":{"line":30,"column":1}},"line":22},"2":{"name":"(anonymous_2)","decl":{"start":{"line":32,"column":44},"end":{"line":32,"column":45}},"loc":{"start":{"line":32,"column":61},"end":{"line":45,"column":1}},"line":32},"3":{"name":"(anonymous_3)","decl":{"start":{"line":47,"column":42},"end":{"line":47,"column":43}},"loc":{"start":{"line":47,"column":59},"end":{"line":61,"column":1}},"line":47},"4":{"name":"(anonymous_4)","decl":{"start":{"line":63,"column":38},"end":{"line":63,"column":39}},"loc":{"start":{"line":63,"column":57},"end":{"line":74,"column":1}},"line":63},"5":{"name":"(anonymous_5)","decl":{"start":{"line":76,"column":34},"end":{"line":76,"column":35}},"loc":{"start":{"line":76,"column":53},"end":{"line":86,"column":1}},"line":76},"6":{"name":"(anonymous_6)","decl":{"start":{"line":88,"column":34},"end":{"line":88,"column":35}},"loc":{"start":{"line":88,"column":53},"end":{"line":96,"column":1}},"line":88},"7":{"name":"defaultEmployeeValue","decl":{"start":{"line":101,"column":9},"end":{"line":101,"column":29}},"loc":{"start":{"line":101,"column":34},"end":{"line":105,"column":1}},"line":101}},"branchMap":{},"s":{"0":3,"1":3,"2":3,"3":3,"4":3,"5":3,"6":3,"7":3,"8":2,"9":2,"10":2,"11":2,"12":2,"13":0,"14":3,"15":2,"16":2,"17":2,"18":2,"19":0,"20":3,"21":0,"22":0,"23":0,"24":0,"25":0,"26":0,"27":0,"28":0,"29":3,"30":0,"31":0,"32":0,"33":0,"34":0,"35":0,"36":0,"37":0,"38":0,"39":0,"40":3,"41":0,"42":0,"43":0,"44":0,"45":0,"46":0,"47":3,"48":0,"49":0,"50":0,"51":0,"52":0,"53":3,"54":1,"55":1,"56":1,"57":0,"58":1,"59":3,"60":0,"61":0,"62":0},"f":{"0":2,"1":2,"2":0,"3":0,"4":0,"5":0,"6":1,"7":0},"b":{},"_coverageSchema":"1a1c01bbd47fc00a2c39e90264f33305004495a9","hash":"742562055499c0bb1be1e228e0e12822241fc62e"}
,"D:\\project\\attendance-project\\attendance-be\\src\\services\\signIn.js": {"path":"D:\\project\\attendance-project\\attendance-be\\src\\services\\signIn.js","statementMap":{"0":{"start":{"line":1,"column":22},"end":{"line":1,"column":64}},"1":{"start":{"line":2,"column":63},"end":{"line":2,"column":85}},"2":{"start":{"line":4,"column":21},"end":{"line":4,"column":41}},"3":{"start":{"line":7,"column":4},"end":{"line":30,"column":5}},"4":{"start":{"line":8,"column":21},"end":{"line":13,"column":10}},"5":{"start":{"line":15,"column":22},"end":{"line":19,"column":10}},"6":{"start":{"line":21,"column":36},"end":{"line":21,"column":51}},"7":{"start":{"line":23,"column":8},"end":{"line":25,"column":67}},"8":{"start":{"line":27,"column":8},"end":{"line":29,"column":60}},"9":{"start":{"line":33,"column":0},"end":{"line":33,"column":23}}},"fnMap":{"0":{"name":"signIn","decl":{"start":{"line":6,"column":15},"end":{"line":6,"column":21}},"loc":{"start":{"line":6,"column":38},"end":{"line":31,"column":1}},"line":6}},"branchMap":{},"s":{"0":3,"1":3,"2":3,"3":4,"4":4,"5":4,"6":4,"7":4,"8":0,"9":3},"f":{"0":4},"b":{},"_coverageSchema":"1a1c01bbd47fc00a2c39e90264f33305004495a9","hash":"1e9ee157d87695fa6598045771714f3b1886cb66"}
,"D:\\project\\attendance-project\\attendance-be\\src\\services\\signUp.js": {"path":"D:\\project\\attendance-project\\attendance-be\\src\\services\\signUp.js","statementMap":{"0":{"start":{"line":1,"column":37},"end":{"line":1,"column":59}},"1":{"start":{"line":3,"column":19},"end":{"line":3,"column":39}},"2":{"start":{"line":5,"column":4},"end":{"line":12,"column":5}},"3":{"start":{"line":6,"column":21},"end":{"line":8,"column":10}},"4":{"start":{"line":9,"column":8},"end":{"line":9,"column":83}},"5":{"start":{"line":11,"column":8},"end":{"line":11,"column":93}},"6":{"start":{"line":15,"column":0},"end":{"line":15,"column":23}}},"fnMap":{"0":{"name":"signUp","decl":{"start":{"line":4,"column":15},"end":{"line":4,"column":21}},"loc":{"start":{"line":4,"column":30},"end":{"line":13,"column":1}},"line":4}},"branchMap":{},"s":{"0":3,"1":3,"2":1,"3":1,"4":1,"5":0,"6":3},"f":{"0":1},"b":{},"_coverageSchema":"1a1c01bbd47fc00a2c39e90264f33305004495a9","hash":"1e8c0485db6d02324962389d7a00ef0c43740e86"}
,"D:\\project\\attendance-project\\attendance-be\\src\\validation\\attendanceValidation.js": {"path":"D:\\project\\attendance-project\\attendance-be\\src\\validation\\attendanceValidation.js","statementMap":{"0":{"start":{"line":1,"column":12},"end":{"line":1,"column":26}},"1":{"start":{"line":2,"column":86},"end":{"line":2,"column":108}},"2":{"start":{"line":5,"column":25},"end":{"line":13,"column":2}},"3":{"start":{"line":16,"column":20},"end":{"line":16,"column":55}},"4":{"start":{"line":17,"column":4},"end":{"line":18,"column":101}},"5":{"start":{"line":17,"column":15},"end":{"line":17,"column":21}},"6":{"start":{"line":18,"column":9},"end":{"line":18,"column":101}},"7":{"start":{"line":22,"column":0},"end":{"line":22,"column":35}}},"fnMap":{"0":{"name":"attendanceValidate","decl":{"start":{"line":15,"column":9},"end":{"line":15,"column":27}},"loc":{"start":{"line":15,"column":42},"end":{"line":19,"column":1}},"line":15}},"branchMap":{"0":{"loc":{"start":{"line":17,"column":4},"end":{"line":18,"column":101}},"type":"if","locations":[{"start":{"line":17,"column":4},"end":{"line":18,"column":101}},{"start":{"line":18,"column":9},"end":{"line":18,"column":101}}],"line":17}},"s":{"0":3,"1":3,"2":3,"3":0,"4":0,"5":0,"6":0,"7":3},"f":{"0":0},"b":{"0":[0,0]},"_coverageSchema":"1a1c01bbd47fc00a2c39e90264f33305004495a9","hash":"436ea331aaeeca26a1f05faef1b303c97d576cf6"}
,"D:\\project\\attendance-project\\attendance-be\\src\\validation\\employeValidation.js": {"path":"D:\\project\\attendance-project\\attendance-be\\src\\validation\\employeValidation.js","statementMap":{"0":{"start":{"line":2,"column":12},"end":{"line":2,"column":26}},"1":{"start":{"line":3,"column":82},"end":{"line":3,"column":104}},"2":{"start":{"line":6,"column":23},"end":{"line":13,"column":2}},"3":{"start":{"line":17,"column":20},"end":{"line":17,"column":53}},"4":{"start":{"line":19,"column":4},"end":{"line":20,"column":80}},"5":{"start":{"line":19,"column":15},"end":{"line":19,"column":21}},"6":{"start":{"line":20,"column":9},"end":{"line":20,"column":80}},"7":{"start":{"line":23,"column":0},"end":{"line":23,"column":35}}},"fnMap":{"0":{"name":"employeeValidation","decl":{"start":{"line":15,"column":9},"end":{"line":15,"column":27}},"loc":{"start":{"line":15,"column":41},"end":{"line":21,"column":1}},"line":15}},"branchMap":{"0":{"loc":{"start":{"line":19,"column":4},"end":{"line":20,"column":80}},"type":"if","locations":[{"start":{"line":19,"column":4},"end":{"line":20,"column":80}},{"start":{"line":20,"column":9},"end":{"line":20,"column":80}}],"line":19}},"s":{"0":3,"1":3,"2":3,"3":1,"4":1,"5":0,"6":1,"7":3},"f":{"0":1},"b":{"0":[0,1]},"_coverageSchema":"1a1c01bbd47fc00a2c39e90264f33305004495a9","hash":"cc03273521e1dab96e842bdbac3a4922325ee680"}
,"D:\\project\\attendance-project\\attendance-be\\src\\validation\\paginationValidation.js": {"path":"D:\\project\\attendance-project\\attendance-be\\src\\validation\\paginationValidation.js","statementMap":{"0":{"start":{"line":3,"column":18},"end":{"line":3,"column":42}},"1":{"start":{"line":4,"column":4},"end":{"line":4,"column":34}},"2":{"start":{"line":4,"column":14},"end":{"line":4,"column":34}},"3":{"start":{"line":6,"column":17},"end":{"line":6,"column":40}},"4":{"start":{"line":7,"column":4},"end":{"line":7,"column":31}},"5":{"start":{"line":7,"column":13},"end":{"line":7,"column":31}},"6":{"start":{"line":9,"column":4},"end":{"line":9,"column":10}},"7":{"start":{"line":12,"column":0},"end":{"line":12,"column":41}}},"fnMap":{"0":{"name":"validatePaginationParams","decl":{"start":{"line":2,"column":9},"end":{"line":2,"column":33}},"loc":{"start":{"line":2,"column":47},"end":{"line":10,"column":1}},"line":2}},"branchMap":{"0":{"loc":{"start":{"line":4,"column":4},"end":{"line":4,"column":34}},"type":"if","locations":[{"start":{"line":4,"column":4},"end":{"line":4,"column":34}},{"start":{},"end":{}}],"line":4},"1":{"loc":{"start":{"line":7,"column":4},"end":{"line":7,"column":31}},"type":"if","locations":[{"start":{"line":7,"column":4},"end":{"line":7,"column":31}},{"start":{},"end":{}}],"line":7}},"s":{"0":4,"1":4,"2":3,"3":4,"4":4,"5":3,"6":4,"7":3},"f":{"0":4},"b":{"0":[3,1],"1":[3,1]},"_coverageSchema":"1a1c01bbd47fc00a2c39e90264f33305004495a9","hash":"570ba5ca57fc56320422797bbd064b629bdda624"}
,"D:\\project\\attendance-project\\attendance-be\\src\\validation\\signInValidation.js": {"path":"D:\\project\\attendance-project\\attendance-be\\src\\validation\\signInValidation.js","statementMap":{"0":{"start":{"line":1,"column":12},"end":{"line":1,"column":26}},"1":{"start":{"line":2,"column":24},"end":{"line":2,"column":46}},"2":{"start":{"line":5,"column":21},"end":{"line":8,"column":2}},"3":{"start":{"line":11,"column":20},"end":{"line":11,"column":51}},"4":{"start":{"line":13,"column":4},"end":{"line":13,"column":92}},"5":{"start":{"line":13,"column":14},"end":{"line":13,"column":92}},"6":{"start":{"line":15,"column":4},"end":{"line":15,"column":10}},"7":{"start":{"line":20,"column":0},"end":{"line":20,"column":31}}},"fnMap":{"0":{"name":"validateSignIn","decl":{"start":{"line":10,"column":9},"end":{"line":10,"column":23}},"loc":{"start":{"line":10,"column":37},"end":{"line":16,"column":1}},"line":10}},"branchMap":{"0":{"loc":{"start":{"line":13,"column":4},"end":{"line":13,"column":92}},"type":"if","locations":[{"start":{"line":13,"column":4},"end":{"line":13,"column":92}},{"start":{},"end":{}}],"line":13}},"s":{"0":3,"1":3,"2":3,"3":4,"4":4,"5":0,"6":4,"7":3},"f":{"0":4},"b":{"0":[0,4]},"_coverageSchema":"1a1c01bbd47fc00a2c39e90264f33305004495a9","hash":"a7744455b6b67d7942024ecbfcddabf44833c2a6"}
,"D:\\project\\attendance-project\\attendance-be\\src\\validation\\signUpValidation.js": {"path":"D:\\project\\attendance-project\\attendance-be\\src\\validation\\signUpValidation.js","statementMap":{"0":{"start":{"line":1,"column":12},"end":{"line":1,"column":26}},"1":{"start":{"line":2,"column":24},"end":{"line":2,"column":46}},"2":{"start":{"line":4,"column":28},"end":{"line":10,"column":1}},"3":{"start":{"line":6,"column":8},"end":{"line":6,"column":46}},"4":{"start":{"line":6,"column":33},"end":{"line":6,"column":46}},"5":{"start":{"line":7,"column":8},"end":{"line":7,"column":42}},"6":{"start":{"line":12,"column":21},"end":{"line":22,"column":2}},"7":{"start":{"line":25,"column":22},"end":{"line":25,"column":53}},"8":{"start":{"line":27,"column":4},"end":{"line":30,"column":42}},"9":{"start":{"line":28,"column":4},"end":{"line":30,"column":42}},"10":{"start":{"line":32,"column":4},"end":{"line":32,"column":11}},"11":{"start":{"line":35,"column":0},"end":{"line":35,"column":32}}},"fnMap":{"0":{"name":"(anonymous_0)","decl":{"start":{"line":5,"column":25},"end":{"line":5,"column":26}},"loc":{"start":{"line":5,"column":45},"end":{"line":8,"column":5}},"line":5},"1":{"name":"validateSignUp","decl":{"start":{"line":24,"column":9},"end":{"line":24,"column":23}},"loc":{"start":{"line":24,"column":40},"end":{"line":33,"column":1}},"line":24}},"branchMap":{"0":{"loc":{"start":{"line":6,"column":8},"end":{"line":6,"column":46}},"type":"if","locations":[{"start":{"line":6,"column":8},"end":{"line":6,"column":46}},{"start":{},"end":{}}],"line":6},"1":{"loc":{"start":{"line":27,"column":4},"end":{"line":30,"column":42}},"type":"if","locations":[{"start":{"line":27,"column":4},"end":{"line":30,"column":42}},{"start":{},"end":{}}],"line":27}},"s":{"0":3,"1":3,"2":3,"3":1,"4":1,"5":0,"6":3,"7":1,"8":1,"9":0,"10":1,"11":3},"f":{"0":1,"1":1},"b":{"0":[1,0],"1":[0,1]},"_coverageSchema":"1a1c01bbd47fc00a2c39e90264f33305004495a9","hash":"25c58505faa1d2b7be191b7c151ed80d9a6c5407"}
,"D:\\project\\attendance-project\\attendance-be\\utils\\addTrackingTime.js": {"path":"D:\\project\\attendance-project\\attendance-be\\utils\\addTrackingTime.js","statementMap":{"0":{"start":{"line":3,"column":4},"end":{"line":3,"column":31}},"1":{"start":{"line":4,"column":4},"end":{"line":4,"column":31}},"2":{"start":{"line":7,"column":0},"end":{"line":7,"column":32}}},"fnMap":{"0":{"name":"addTrackingTime","decl":{"start":{"line":2,"column":9},"end":{"line":2,"column":24}},"loc":{"start":{"line":2,"column":30},"end":{"line":5,"column":1}},"line":2}},"branchMap":{},"s":{"0":2,"1":2,"2":4},"f":{"0":2},"b":{},"_coverageSchema":"1a1c01bbd47fc00a2c39e90264f33305004495a9","hash":"15674cb3beebca5abe35a41acac5408b80c25937"}
,"D:\\project\\attendance-project\\attendance-be\\utils\\convertAttendanceConsntantToString.js": {"path":"D:\\project\\attendance-project\\attendance-be\\utils\\convertAttendanceConsntantToString.js","statementMap":{"0":{"start":{"line":1,"column":73},"end":{"line":1,"column":99}},"1":{"start":{"line":4,"column":4},"end":{"line":4,"column":84}},"2":{"start":{"line":5,"column":4},"end":{"line":5,"column":90}},"3":{"start":{"line":7,"column":4},"end":{"line":7,"column":140}},"4":{"start":{"line":7,"column":63},"end":{"line":7,"column":140}},"5":{"start":{"line":10,"column":0},"end":{"line":10,"column":49}}},"fnMap":{"0":{"name":"convertAttendaceConstantToString","decl":{"start":{"line":3,"column":9},"end":{"line":3,"column":41}},"loc":{"start":{"line":3,"column":47},"end":{"line":8,"column":1}},"line":3}},"branchMap":{"0":{"loc":{"start":{"line":7,"column":4},"end":{"line":7,"column":140}},"type":"if","locations":[{"start":{"line":7,"column":4},"end":{"line":7,"column":140}},{"start":{},"end":{}}],"line":7},"1":{"loc":{"start":{"line":7,"column":7},"end":{"line":7,"column":61}},"type":"binary-expr","locations":[{"start":{"line":7,"column":7},"end":{"line":7,"column":31}},{"start":{"line":7,"column":35},"end":{"line":7,"column":61}}],"line":7}},"s":{"0":4,"1":2,"2":2,"3":2,"4":1,"5":4},"f":{"0":2},"b":{"0":[1,1],"1":[2,1]},"_coverageSchema":"1a1c01bbd47fc00a2c39e90264f33305004495a9","hash":"85948a8844d62a6bce3b0d76678792ecc2fec0a8"}
,"D:\\project\\attendance-project\\attendance-be\\utils\\convertAttendanceConstantToId.js": {"path":"D:\\project\\attendance-project\\attendance-be\\utils\\convertAttendanceConstantToId.js","statementMap":{"0":{"start":{"line":1,"column":76},"end":{"line":1,"column":102}},"1":{"start":{"line":4,"column":4},"end":{"line":4,"column":89}},"2":{"start":{"line":5,"column":4},"end":{"line":5,"column":83}},"3":{"start":{"line":7,"column":4},"end":{"line":7,"column":140}},"4":{"start":{"line":7,"column":63},"end":{"line":7,"column":140}},"5":{"start":{"line":10,"column":0},"end":{"line":10,"column":46}}},"fnMap":{"0":{"name":"convertAttendanceConstantToId","decl":{"start":{"line":3,"column":9},"end":{"line":3,"column":38}},"loc":{"start":{"line":3,"column":44},"end":{"line":8,"column":1}},"line":3}},"branchMap":{"0":{"loc":{"start":{"line":7,"column":4},"end":{"line":7,"column":140}},"type":"if","locations":[{"start":{"line":7,"column":4},"end":{"line":7,"column":140}},{"start":{},"end":{}}],"line":7},"1":{"loc":{"start":{"line":7,"column":7},"end":{"line":7,"column":61}},"type":"binary-expr","locations":[{"start":{"line":7,"column":7},"end":{"line":7,"column":31}},{"start":{"line":7,"column":35},"end":{"line":7,"column":61}}],"line":7}},"s":{"0":1,"1":2,"2":2,"3":2,"4":1,"5":1},"f":{"0":2},"b":{"0":[1,1],"1":[2,1]},"_coverageSchema":"1a1c01bbd47fc00a2c39e90264f33305004495a9","hash":"49d1ac45d30ef28077521af8a3ba5d0dcc8c9aff"}
,"D:\\project\\attendance-project\\attendance-be\\utils\\generateNip.js": {"path":"D:\\project\\attendance-project\\attendance-be\\utils\\generateNip.js","statementMap":{"0":{"start":{"line":1,"column":15},"end":{"line":1,"column":32}},"1":{"start":{"line":4,"column":4},"end":{"line":4,"column":32}},"2":{"start":{"line":4,"column":18},"end":{"line":4,"column":32}},"3":{"start":{"line":5,"column":4},"end":{"line":5,"column":25}},"4":{"start":{"line":9,"column":4},"end":{"line":11,"column":18}},"5":{"start":{"line":9,"column":17},"end":{"line":9,"column":31}},"6":{"start":{"line":10,"column":9},"end":{"line":11,"column":18}},"7":{"start":{"line":10,"column":23},"end":{"line":10,"column":36}},"8":{"start":{"line":11,"column":9},"end":{"line":11,"column":18}},"9":{"start":{"line":16,"column":16},"end":{"line":16,"column":26}},"10":{"start":{"line":17,"column":17},"end":{"line":17,"column":45}},"11":{"start":{"line":18,"column":18},"end":{"line":18,"column":52}},"12":{"start":{"line":19,"column":16},"end":{"line":19,"column":45}},"13":{"start":{"line":20,"column":17},"end":{"line":20,"column":48}},"14":{"start":{"line":21,"column":20},"end":{"line":21,"column":53}},"15":{"start":{"line":22,"column":16},"end":{"line":22,"column":49}},"16":{"start":{"line":24,"column":15},"end":{"line":24,"column":48}},"17":{"start":{"line":25,"column":4},"end":{"line":25,"column":19}},"18":{"start":{"line":26,"column":17},"end":{"line":26,"column":115}},"19":{"start":{"line":27,"column":4},"end":{"line":27,"column":14}},"20":{"start":{"line":30,"column":0},"end":{"line":30,"column":28}}},"fnMap":{"0":{"name":"parseLessThan10","decl":{"start":{"line":3,"column":9},"end":{"line":3,"column":24}},"loc":{"start":{"line":3,"column":29},"end":{"line":6,"column":1}},"line":3},"1":{"name":"parseMilli","decl":{"start":{"line":8,"column":9},"end":{"line":8,"column":19}},"loc":{"start":{"line":8,"column":23},"end":{"line":13,"column":1}},"line":8},"2":{"name":"generateNip","decl":{"start":{"line":15,"column":9},"end":{"line":15,"column":20}},"loc":{"start":{"line":15,"column":23},"end":{"line":28,"column":1}},"line":15}},"branchMap":{"0":{"loc":{"start":{"line":4,"column":4},"end":{"line":4,"column":32}},"type":"if","locations":[{"start":{"line":4,"column":4},"end":{"line":4,"column":32}},{"start":{},"end":{}}],"line":4},"1":{"loc":{"start":{"line":9,"column":4},"end":{"line":11,"column":18}},"type":"if","locations":[{"start":{"line":9,"column":4},"end":{"line":11,"column":18}},{"start":{"line":10,"column":9},"end":{"line":11,"column":18}}],"line":9},"2":{"loc":{"start":{"line":10,"column":9},"end":{"line":11,"column":18}},"type":"if","locations":[{"start":{"line":10,"column":9},"end":{"line":11,"column":18}},{"start":{"line":11,"column":9},"end":{"line":11,"column":18}}],"line":10}},"s":{"0":3,"1":5,"2":3,"3":2,"4":1,"5":0,"6":1,"7":0,"8":1,"9":1,"10":1,"11":1,"12":1,"13":1,"14":1,"15":1,"16":1,"17":1,"18":1,"19":1,"20":3},"f":{"0":5,"1":1,"2":1},"b":{"0":[3,2],"1":[0,1],"2":[0,1]},"_coverageSchema":"1a1c01bbd47fc00a2c39e90264f33305004495a9","hash":"8ea090690e7326efae0fd6ee1cb8a21b7d1944bf"}
,"D:\\project\\attendance-project\\attendance-be\\utils\\hashPassword.js": {"path":"D:\\project\\attendance-project\\attendance-be\\utils\\hashPassword.js","statementMap":{"0":{"start":{"line":1,"column":0},"end":{"line":1,"column":26}},"1":{"start":{"line":2,"column":15},"end":{"line":2,"column":32}},"2":{"start":{"line":5,"column":17},"end":{"line":5,"column":38}},"3":{"start":{"line":6,"column":17},"end":{"line":6,"column":87}},"4":{"start":{"line":7,"column":4},"end":{"line":7,"column":15}},"5":{"start":{"line":10,"column":0},"end":{"line":10,"column":29}}},"fnMap":{"0":{"name":"hashPassword","decl":{"start":{"line":4,"column":9},"end":{"line":4,"column":21}},"loc":{"start":{"line":4,"column":32},"end":{"line":8,"column":1}},"line":4}},"branchMap":{},"s":{"0":1,"1":1,"2":3,"3":3,"4":3,"5":1},"f":{"0":3},"b":{},"_coverageSchema":"1a1c01bbd47fc00a2c39e90264f33305004495a9","hash":"29cf5d8400dd8feadbfeb443b463c0ca8d6ee717"}
,"D:\\project\\attendance-project\\attendance-be\\utils\\updateStamp.js": {"path":"D:\\project\\attendance-project\\attendance-be\\utils\\updateStamp.js","statementMap":{"0":{"start":{"line":2,"column":0},"end":{"line":4,"column":1}},"1":{"start":{"line":3,"column":4},"end":{"line":3,"column":31}}},"fnMap":{"0":{"name":"(anonymous_0)","decl":{"start":{"line":2,"column":17},"end":{"line":2,"column":18}},"loc":{"start":{"line":2,"column":25},"end":{"line":4,"column":1}},"line":2}},"branchMap":{},"s":{"0":3,"1":0},"f":{"0":0},"b":{},"_coverageSchema":"1a1c01bbd47fc00a2c39e90264f33305004495a9","hash":"57fcc26bf95c9b9d7f61ace1028be40d39f97de6"}
}
