TN:
SF:models\approval_status.js
FN:3,(anonymous_0)
FN:10,(anonymous_1)
FNF:2
FNH:2
FNDA:3,(anonymous_0)
FNDA:3,(anonymous_1)
DA:2,3
DA:3,3
DA:12,3
DA:15,3
DA:32,3
LF:5
LH:5
BRF:0
BRH:0
end_of_record
TN:
SF:models\attendance.js
FN:3,(anonymous_0)
FN:10,(anonymous_1)
FNF:2
FNH:2
FNDA:6,(anonymous_0)
FNDA:3,(anonymous_1)
DA:2,3
DA:3,3
DA:12,3
DA:13,3
DA:14,3
DA:15,3
DA:18,6
DA:42,6
LF:8
LH:8
BRF:0
BRH:0
end_of_record
TN:
SF:models\attendance_document.js
FN:5,(anonymous_0)
FN:12,(anonymous_1)
FNF:2
FNH:2
FNDA:3,(anonymous_0)
FNDA:3,(anonymous_1)
DA:4,3
DA:5,3
DA:13,3
DA:16,3
DA:26,3
LF:5
LH:5
BRF:0
BRH:0
end_of_record
TN:
SF:models\attendance_status.js
FN:5,(anonymous_0)
FN:12,(anonymous_1)
FNF:2
FNH:2
FNDA:3,(anonymous_0)
FNDA:3,(anonymous_1)
DA:4,3
DA:5,3
DA:14,3
DA:17,3
DA:27,3
LF:5
LH:5
BRF:0
BRH:0
end_of_record
TN:
SF:models\authorization.js
FN:3,(anonymous_0)
FN:10,(anonymous_1)
FNF:2
FNH:2
FNDA:3,(anonymous_0)
FNDA:3,(anonymous_1)
DA:2,3
DA:3,3
DA:11,3
DA:16,3
DA:37,3
LF:5
LH:5
BRF:0
BRH:0
end_of_record
TN:
SF:models\departement.js
FN:3,(anonymous_0)
FN:10,(anonymous_1)
FNF:2
FNH:2
FNDA:3,(anonymous_0)
FNDA:3,(anonymous_1)
DA:2,3
DA:3,3
DA:12,3
DA:17,3
DA:30,3
LF:5
LH:5
BRF:0
BRH:0
end_of_record
TN:
SF:models\employee.js
FN:3,(anonymous_0)
FN:10,(anonymous_1)
FNF:2
FNH:2
FNDA:8,(anonymous_0)
FNDA:3,(anonymous_1)
DA:2,3
DA:3,3
DA:11,3
DA:14,3
DA:17,3
DA:20,3
DA:25,8
DA:53,8
LF:8
LH:8
BRF:0
BRH:0
end_of_record
TN:
SF:models\employee_document.js
FN:3,(anonymous_0)
FN:10,(anonymous_1)
FNF:2
FNH:2
FNDA:3,(anonymous_0)
FNDA:3,(anonymous_1)
DA:2,3
DA:3,3
DA:11,3
DA:16,3
DA:31,3
LF:5
LH:5
BRF:0
BRH:0
end_of_record
TN:
SF:models\index.js
FN:20,(anonymous_0)
FN:28,(anonymous_1)
FN:33,(anonymous_2)
FNF:3
FNH:3
FNDA:27,(anonymous_0)
FNDA:24,(anonymous_1)
FNDA:24,(anonymous_2)
DA:2,3
DA:3,3
DA:4,3
DA:5,3
DA:6,3
DA:7,3
DA:8,3
DA:9,3
DA:12,3
DA:13,0
DA:15,3
DA:18,3
DA:21,27
DA:29,24
DA:30,24
DA:33,3
DA:34,24
DA:35,24
DA:39,3
DA:40,3
DA:42,3
LF:21
LH:20
BRDA:7,0,0,3
BRDA:7,0,1,0
BRDA:12,1,0,0
BRDA:12,1,1,3
BRDA:22,2,0,27
BRDA:22,2,1,27
BRDA:22,2,2,24
BRDA:22,2,3,24
BRDA:34,3,0,24
BRDA:34,3,1,0
BRF:10
BRH:7
end_of_record
TN:
SF:src\constant.js
FNF:0
FNH:0
DA:1,4
DA:13,4
DA:19,4
DA:25,4
DA:32,4
DA:38,4
DA:43,4
DA:48,4
DA:54,4
DA:56,4
LF:10
LH:10
BRF:0
BRH:0
end_of_record
TN:
SF:src\index.js
FNF:0
FNH:0
DA:1,3
DA:3,3
DA:4,3
DA:5,3
DA:6,3
DA:7,3
DA:8,3
DA:9,3
DA:11,3
DA:13,3
DA:14,3
DA:16,3
DA:17,3
DA:18,3
DA:19,3
DA:26,3
LF:16
LH:16
BRF:0
BRH:0
end_of_record
TN:
SF:src\authentication\AuthMiddleware.js
FN:4,authMiddleWare
FNF:1
FNH:1
FNDA:10,authMiddleWare
DA:1,3
DA:2,3
DA:6,10
DA:7,10
DA:9,0
DA:11,10
DA:12,10
DA:13,10
DA:14,10
DA:17,3
LF:10
LH:9
BRDA:12,0,0,10
BRDA:12,0,1,0
BRDA:13,1,0,0
BRDA:13,1,1,10
BRDA:14,2,0,0
BRDA:14,2,1,10
BRF:6
BRH:3
end_of_record
TN:
SF:src\authentication\determineRoles.js
FN:4,(anonymous_0)
FN:5,(anonymous_1)
FNF:2
FNH:2
FNDA:30,(anonymous_0)
FNDA:9,(anonymous_1)
DA:1,3
DA:2,3
DA:4,3
DA:5,30
DA:6,9
DA:7,9
DA:8,9
DA:9,9
DA:10,2
DA:14,3
LF:10
LH:10
BRDA:9,0,0,7
BRDA:9,0,1,2
BRF:2
BRH:2
end_of_record
TN:
SF:src\authentication\generateToken.js
FN:3,generateToken
FNF:1
FNH:1
FNDA:4,generateToken
DA:1,3
DA:2,3
DA:4,4
DA:5,4
DA:8,3
LF:5
LH:5
BRF:0
BRH:0
end_of_record
TN:
SF:src\authentication\getTokenRoles.js
FN:3,getTokenRolesAndNip
FNF:1
FNH:1
FNDA:9,getTokenRolesAndNip
DA:1,3
DA:2,3
DA:4,9
DA:5,9
DA:6,9
DA:9,3
LF:6
LH:6
BRF:0
BRH:0
end_of_record
TN:
SF:src\authentication\verifyToken.js
FN:5,verifyToken
FNF:1
FNH:1
FNDA:10,verifyToken
DA:1,3
DA:2,3
DA:3,3
DA:6,10
DA:7,10
DA:8,10
DA:10,0
DA:11,0
DA:14,0
DA:18,3
LF:10
LH:7
BRDA:10,0,0,0
BRDA:10,0,1,0
BRF:2
BRH:0
end_of_record
TN:
SF:src\repository\attendance.js
FN:5,(anonymous_0)
FN:14,(anonymous_1)
FN:23,(anonymous_2)
FN:39,(anonymous_3)
FN:45,(anonymous_4)
FNF:5
FNH:0
FNDA:0,(anonymous_0)
FNDA:0,(anonymous_1)
FNDA:0,(anonymous_2)
FNDA:0,(anonymous_3)
FNDA:0,(anonymous_4)
DA:1,3
DA:2,3
DA:3,3
DA:5,3
DA:6,0
DA:7,0
DA:8,0
DA:10,0
DA:14,3
DA:15,0
DA:16,0
DA:17,0
DA:19,0
DA:23,3
DA:24,0
DA:25,0
DA:30,0
DA:32,0
DA:39,3
DA:40,0
DA:41,0
DA:42,0
DA:45,3
DA:46,0
DA:47,0
DA:48,0
DA:49,0
DA:51,0
DA:54,3
LF:29
LH:9
BRDA:41,0,0,0
BRDA:41,0,1,0
BRF:2
BRH:0
end_of_record
TN:
SF:src\repository\employee.js
FN:8,(anonymous_0)
FN:16,(anonymous_1)
FN:25,(anonymous_2)
FN:35,(anonymous_3)
FN:47,(anonymous_4)
FN:56,isNull
FNF:6
FNH:4
FNDA:2,(anonymous_0)
FNDA:2,(anonymous_1)
FNDA:0,(anonymous_2)
FNDA:0,(anonymous_3)
FNDA:1,(anonymous_4)
FNDA:1,isNull
DA:2,3
DA:3,3
DA:4,3
DA:6,3
DA:8,3
DA:9,2
DA:11,2
DA:12,2
DA:16,3
DA:17,2
DA:18,2
DA:19,2
DA:21,0
DA:25,3
DA:26,0
DA:27,0
DA:28,0
DA:31,0
DA:35,3
DA:36,0
DA:38,0
DA:39,0
DA:40,0
DA:41,0
DA:43,0
DA:47,3
DA:48,1
DA:49,1
DA:50,1
DA:51,0
DA:54,3
DA:57,1
DA:58,0
LF:33
LH:20
BRDA:11,0,0,0
BRDA:11,0,1,2
BRDA:36,1,0,0
BRDA:36,1,1,0
BRDA:50,2,0,1
BRDA:50,2,1,0
BRDA:57,3,0,1
BRDA:57,3,1,0
BRDA:57,4,0,1
BRDA:57,4,1,0
BRDA:57,4,2,0
BRF:11
BRH:4
end_of_record
TN:
SF:src\repository\employeeDocument.js
FN:7,(anonymous_0)
FN:18,(anonymous_1)
FN:27,(anonymous_2)
FN:36,(anonymous_3)
FNF:4
FNH:0
FNDA:0,(anonymous_0)
FNDA:0,(anonymous_1)
FNDA:0,(anonymous_2)
FNDA:0,(anonymous_3)
DA:1,3
DA:3,3
DA:5,3
DA:7,3
DA:8,0
DA:9,0
DA:10,0
DA:12,0
DA:18,3
DA:19,0
DA:20,0
DA:21,0
DA:23,0
DA:27,3
DA:28,0
DA:29,0
DA:30,0
DA:32,0
DA:36,3
DA:37,0
DA:38,0
DA:39,0
DA:41,0
DA:44,3
LF:24
LH:8
BRF:0
BRH:0
end_of_record
TN:
SF:src\routers\attendance.js
FN:16,(anonymous_0)
FN:26,(anonymous_1)
FN:29,(anonymous_2)
FN:46,(anonymous_3)
FN:55,(anonymous_4)
FN:65,(anonymous_5)
FN:67,(anonymous_6)
FNF:7
FNH:0
FNDA:0,(anonymous_0)
FNDA:0,(anonymous_1)
FNDA:0,(anonymous_2)
FNDA:0,(anonymous_3)
FNDA:0,(anonymous_4)
FNDA:0,(anonymous_5)
FNDA:0,(anonymous_6)
DA:1,3
DA:2,3
DA:3,3
DA:4,3
DA:5,3
DA:6,3
DA:7,3
DA:9,3
DA:11,3
DA:17,0
DA:21,3
DA:27,0
DA:30,0
DA:31,0
DA:35,0
DA:42,3
DA:47,0
DA:51,3
DA:56,0
DA:60,3
DA:66,0
DA:68,0
DA:69,0
DA:70,0
DA:78,3
LF:25
LH:14
BRDA:30,0,0,0
BRDA:30,0,1,0
BRDA:68,1,0,0
BRDA:68,1,1,0
BRF:4
BRH:0
end_of_record
TN:
SF:src\routers\employee.js
FN:17,(anonymous_0)
FN:26,(anonymous_1)
FN:34,(anonymous_2)
FN:35,(anonymous_3)
FN:49,(anonymous_4)
FN:50,(anonymous_5)
FN:61,(anonymous_6)
FN:67,assignDefaultAuth
FNF:8
FNH:4
FNDA:0,(anonymous_0)
FNDA:2,(anonymous_1)
FNDA:1,(anonymous_2)
FNDA:3,(anonymous_3)
FNDA:0,(anonymous_4)
FNDA:0,(anonymous_5)
FNDA:1,(anonymous_6)
FNDA:0,assignDefaultAuth
DA:1,3
DA:2,3
DA:3,3
DA:4,3
DA:5,3
DA:6,3
DA:7,3
DA:9,3
DA:11,3
DA:17,0
DA:21,3
DA:26,2
DA:30,3
DA:34,1
DA:36,3
DA:37,2
DA:44,3
DA:49,0
DA:51,0
DA:52,0
DA:57,3
DA:61,1
DA:65,3
DA:68,0
DA:69,0
LF:25
LH:19
BRDA:36,0,0,1
BRDA:36,0,1,2
BRDA:51,1,0,0
BRDA:51,1,1,0
BRF:4
BRH:2
end_of_record
TN:
SF:src\routers\signIn.js
FNF:0
FNH:0
DA:1,3
DA:2,3
DA:3,3
DA:5,3
DA:7,3
DA:9,3
LF:6
LH:6
BRF:0
BRH:0
end_of_record
TN:
SF:src\routers\signUp.js
FN:13,assignNip
FN:18,assignAuthId
FNF:2
FNH:2
FNDA:1,assignNip
FNDA:1,assignAuthId
DA:1,3
DA:2,3
DA:3,3
DA:4,3
DA:5,3
DA:7,3
DA:9,3
DA:11,3
DA:14,1
DA:15,1
DA:19,1
DA:20,1
LF:12
LH:12
BRF:0
BRH:0
end_of_record
TN:
SF:src\services\attendance.js
FN:8,(anonymous_0)
FN:19,(anonymous_1)
FN:24,(anonymous_2)
FN:31,(anonymous_3)
FN:37,(anonymous_4)
FN:44,(anonymous_5)
FN:55,(anonymous_6)
FN:65,(anonymous_7)
FNF:8
FNH:0
FNDA:0,(anonymous_0)
FNDA:0,(anonymous_1)
FNDA:0,(anonymous_2)
FNDA:0,(anonymous_3)
FNDA:0,(anonymous_4)
FNDA:0,(anonymous_5)
FNDA:0,(anonymous_6)
FNDA:0,(anonymous_7)
DA:1,3
DA:2,3
DA:3,3
DA:4,3
DA:6,3
DA:8,3
DA:9,0
DA:10,0
DA:11,0
DA:12,0
DA:13,0
DA:15,0
DA:19,3
DA:20,0
DA:21,0
DA:22,0
DA:23,0
DA:24,0
DA:25,0
DA:27,0
DA:31,3
DA:32,0
DA:33,0
DA:34,0
DA:35,0
DA:36,0
DA:37,0
DA:39,0
DA:41,0
DA:44,3
DA:45,0
DA:46,0
DA:47,0
DA:48,0
DA:49,0
DA:51,0
DA:55,3
DA:56,0
DA:57,0
DA:58,0
DA:59,0
DA:61,0
DA:65,3
DA:66,0
DA:67,0
DA:68,0
DA:69,0
DA:71,0
DA:74,3
LF:49
LH:12
BRF:0
BRH:0
end_of_record
TN:
SF:src\services\employee.js
FN:10,(anonymous_0)
FN:22,(anonymous_1)
FN:32,(anonymous_2)
FN:47,(anonymous_3)
FN:63,(anonymous_4)
FN:76,(anonymous_5)
FN:88,(anonymous_6)
FN:101,defaultEmployeeValue
FNF:8
FNH:3
FNDA:2,(anonymous_0)
FNDA:2,(anonymous_1)
FNDA:0,(anonymous_2)
FNDA:0,(anonymous_3)
FNDA:0,(anonymous_4)
FNDA:0,(anonymous_5)
FNDA:1,(anonymous_6)
FNDA:0,defaultEmployeeValue
DA:1,3
DA:2,3
DA:3,3
DA:4,3
DA:5,3
DA:6,3
DA:8,3
DA:10,3
DA:11,2
DA:12,2
DA:13,2
DA:15,2
DA:16,2
DA:18,0
DA:22,3
DA:23,2
DA:24,2
DA:25,2
DA:26,2
DA:28,0
DA:32,3
DA:33,0
DA:34,0
DA:35,0
DA:36,0
DA:37,0
DA:38,0
DA:39,0
DA:43,0
DA:47,3
DA:48,0
DA:49,0
DA:50,0
DA:51,0
DA:52,0
DA:53,0
DA:54,0
DA:55,0
DA:56,0
DA:59,0
DA:63,3
DA:64,0
DA:65,0
DA:66,0
DA:67,0
DA:69,0
DA:72,0
DA:76,3
DA:77,0
DA:79,0
DA:80,0
DA:81,0
DA:84,0
DA:88,3
DA:89,1
DA:90,1
DA:91,1
DA:92,0
DA:94,1
DA:99,3
DA:102,0
DA:103,0
DA:104,0
LF:63
LH:28
BRF:0
BRH:0
end_of_record
TN:
SF:src\services\signIn.js
FN:6,signIn
FNF:1
FNH:1
FNDA:4,signIn
DA:1,3
DA:2,3
DA:4,3
DA:7,4
DA:8,4
DA:15,4
DA:21,4
DA:23,4
DA:27,0
DA:33,3
LF:10
LH:9
BRF:0
BRH:0
end_of_record
TN:
SF:src\services\signUp.js
FN:4,signUp
FNF:1
FNH:1
FNDA:1,signUp
DA:1,3
DA:3,3
DA:5,1
DA:6,1
DA:9,1
DA:11,0
DA:15,3
LF:7
LH:6
BRF:0
BRH:0
end_of_record
TN:
SF:src\validation\attendanceValidation.js
FN:15,attendanceValidate
FNF:1
FNH:0
FNDA:0,attendanceValidate
DA:1,3
DA:2,3
DA:5,3
DA:16,0
DA:17,0
DA:18,0
DA:22,3
LF:7
LH:4
BRDA:17,0,0,0
BRDA:17,0,1,0
BRF:2
BRH:0
end_of_record
TN:
SF:src\validation\employeValidation.js
FN:15,employeeValidation
FNF:1
FNH:1
FNDA:1,employeeValidation
DA:2,3
DA:3,3
DA:6,3
DA:17,1
DA:19,1
DA:20,1
DA:23,3
LF:7
LH:7
BRDA:19,0,0,0
BRDA:19,0,1,1
BRF:2
BRH:1
end_of_record
TN:
SF:src\validation\paginationValidation.js
FN:2,validatePaginationParams
FNF:1
FNH:1
FNDA:4,validatePaginationParams
DA:3,4
DA:4,4
DA:6,4
DA:7,4
DA:9,4
DA:12,3
LF:6
LH:6
BRDA:4,0,0,3
BRDA:4,0,1,1
BRDA:7,1,0,3
BRDA:7,1,1,1
BRF:4
BRH:4
end_of_record
TN:
SF:src\validation\signInValidation.js
FN:10,validateSignIn
FNF:1
FNH:1
FNDA:4,validateSignIn
DA:1,3
DA:2,3
DA:5,3
DA:11,4
DA:13,4
DA:15,4
DA:20,3
LF:7
LH:7
BRDA:13,0,0,0
BRDA:13,0,1,4
BRF:2
BRH:1
end_of_record
TN:
SF:src\validation\signUpValidation.js
FN:5,(anonymous_0)
FN:24,validateSignUp
FNF:2
FNH:2
FNDA:1,(anonymous_0)
FNDA:1,validateSignUp
DA:1,3
DA:2,3
DA:4,3
DA:6,1
DA:7,0
DA:12,3
DA:25,1
DA:27,1
DA:28,0
DA:32,1
DA:35,3
LF:11
LH:9
BRDA:6,0,0,1
BRDA:6,0,1,0
BRDA:27,1,0,0
BRDA:27,1,1,1
BRF:4
BRH:2
end_of_record
TN:
SF:utils\addTrackingTime.js
FN:2,addTrackingTime
FNF:1
FNH:1
FNDA:2,addTrackingTime
DA:3,2
DA:4,2
DA:7,4
LF:3
LH:3
BRF:0
BRH:0
end_of_record
TN:
SF:utils\convertAttendanceConsntantToString.js
FN:3,convertAttendaceConstantToString
FNF:1
FNH:1
FNDA:2,convertAttendaceConstantToString
DA:1,4
DA:4,2
DA:5,2
DA:7,2
DA:10,4
LF:5
LH:5
BRDA:7,0,0,1
BRDA:7,0,1,1
BRDA:7,1,0,2
BRDA:7,1,1,1
BRF:4
BRH:4
end_of_record
TN:
SF:utils\convertAttendanceConstantToId.js
FN:3,convertAttendanceConstantToId
FNF:1
FNH:1
FNDA:2,convertAttendanceConstantToId
DA:1,1
DA:4,2
DA:5,2
DA:7,2
DA:10,1
LF:5
LH:5
BRDA:7,0,0,1
BRDA:7,0,1,1
BRDA:7,1,0,2
BRDA:7,1,1,1
BRF:4
BRH:4
end_of_record
TN:
SF:utils\generateNip.js
FN:3,parseLessThan10
FN:8,parseMilli
FN:15,generateNip
FNF:3
FNH:3
FNDA:5,parseLessThan10
FNDA:1,parseMilli
FNDA:1,generateNip
DA:1,3
DA:4,5
DA:5,2
DA:9,1
DA:10,1
DA:11,1
DA:16,1
DA:17,1
DA:18,1
DA:19,1
DA:20,1
DA:21,1
DA:22,1
DA:24,1
DA:25,1
DA:26,1
DA:27,1
DA:30,3
LF:18
LH:18
BRDA:4,0,0,3
BRDA:4,0,1,2
BRDA:9,1,0,0
BRDA:9,1,1,1
BRDA:10,2,0,0
BRDA:10,2,1,1
BRF:6
BRH:4
end_of_record
TN:
SF:utils\hashPassword.js
FN:4,hashPassword
FNF:1
FNH:1
FNDA:3,hashPassword
DA:1,1
DA:2,1
DA:5,3
DA:6,3
DA:7,3
DA:10,1
LF:6
LH:6
BRF:0
BRH:0
end_of_record
TN:
SF:utils\updateStamp.js
FN:2,(anonymous_0)
FNF:1
FNH:0
FNDA:0,(anonymous_0)
DA:2,3
DA:3,0
LF:2
LH:1
BRF:0
BRH:0
end_of_record
